{"level":"warn","message":"Too many login attempts from IP address ::1 at Tue Mar 07 2023 13:57:09 GMT+0100 (Central European Standard Time)","service":"user-service"}
{"level":"warn","message":"Too many login attempts from IP address ::1 at Tue Mar 07 2023 13:57:46 GMT+0100 (Central European Standard Time)","service":"user-service"}
{"level":"warn","message":"Too many login attempts from IP address ::1 at Tue Mar 07 2023 13:57:46 GMT+0100 (Central European Standard Time)","service":"user-service"}
{"level":"warn","message":"Too many login attempts from IP address ::1 at Tue Mar 07 2023 13:59:11 GMT+0100 (Central European Standard Time)","service":"user-service"}
{"level":"warn","message":"Too many login attempts from IP address ::1 at Tue Mar 07 2023 13:59:14 GMT+0100 (Central European Standard Time)","service":"user-service"}
{"level":"warn","message":"Too many login attempts from IP address ::1 at Tue Mar 07 2023 13:59:16 GMT+0100 (Central European Standard Time)","service":"user-service"}
{"level":"warn","message":"Too many login attempts from IP address ::1 at Tue Mar 07 2023 13:59:55 GMT+0100 (Central European Standard Time)","service":"user-service"}
{"level":"warn","message":"Too many login attempts from IP address ::1 at Tue Mar 07 2023 13:59:55 GMT+0100 (Central European Standard Time)","service":"user-service"}
{"level":"warn","message":"Too many login attempts from IP address ::1 at Tue Mar 07 2023 14:02:04 GMT+0100 (Central European Standard Time)","service":"user-service"}
{"level":"warn","message":"Too many login attempts from IP address ::1 at Tue Mar 07 2023 14:02:06 GMT+0100 (Central European Standard Time)","service":"user-service"}
{"level":"warn","message":"Too many login attempts from IP address ::1 at Tue Mar 07 2023 14:02:38 GMT+0100 (Central European Standard Time)","service":"user-service"}
{"level":"warn","message":"Too many login attempts from IP address ::1 at Tue Mar 07 2023 14:02:38 GMT+0100 (Central European Standard Time)","service":"user-service"}
{"level":"warn","message":"Too many login attempts from IP address ::1 at Tue Mar 07 2023 14:03:07 GMT+0100 (Central European Standard Time)","service":"user-service"}
{"level":"warn","message":"Too many login attempts from IP address ::1 at Tue Mar 07 2023 14:03:07 GMT+0100 (Central European Standard Time)","service":"user-service"}
{"level":"warn","message":"Too many login attempts from IP address ::1 at Tue Mar 07 2023 14:03:11 GMT+0100 (Central European Standard Time)","service":"user-service"}
{"level":"error","message":"An error occurred: Error: /Users/murtadha/Library/Mobile Documents/com~apple~CloudDocs/Murtadha/SKOLAN/KTH2020 Ingenjör /KTH Högskoleingenjörsdatateknik, Kista/GitMurtadha/KTH-IV1201-Recruitment-Application/views/application-form.ejs:12\n    10| \n    11| <body>\n >> 12|   <%- include('./partials/navbar.header.ejs') %>\n    13| \n    14|   <p style=\"font-size: large; color: red; display: flex; justify-content: center;\"><%= error %></p>\n    15|   <p style=\"font-size: large; color: green; display: flex; justify-content: center;\"><%= success %></p>\n\nCould not find the include file \"./partials/navbar.header.ejs\" at Tue Mar 07 2023 14:03:11 GMT+0100 (Central European Standard Time)","service":"user-service"}
{"level":"warn","message":"Too many login attempts from IP address ::1 at Tue Mar 07 2023 14:03:32 GMT+0100 (Central European Standard Time)","service":"user-service"}
{"level":"warn","message":"Too many login attempts from IP address ::1 at Tue Mar 07 2023 14:03:58 GMT+0100 (Central European Standard Time)","service":"user-service"}
{"level":"warn","message":"Too many login attempts from IP address ::1 at Tue Mar 07 2023 14:03:58 GMT+0100 (Central European Standard Time)","service":"user-service"}
{"level":"error","message":"An error occurred: Error: Password does not match. at Tue Mar 07 2023 14:13:10 GMT+0100 (Central European Standard Time)","service":"user-service"}
{"level":"warn","message":"Too many login attempts from IP address ::1 at Tue Mar 07 2023 14:13:30 GMT+0100 (Central European Standard Time)","service":"user-service"}
{"level":"warn","message":"Too many login attempts from IP address ::1 at Tue Mar 07 2023 14:14:17 GMT+0100 (Central European Standard Time)","service":"user-service"}
{"level":"warn","message":"Too many login attempts from IP address ::1 at Tue Mar 07 2023 14:14:29 GMT+0100 (Central European Standard Time)","service":"user-service"}
{"level":"warn","message":"Too many login attempts from IP address ::1 at Tue Mar 07 2023 14:14:29 GMT+0100 (Central European Standard Time)","service":"user-service"}
{"level":"error","message":"An error occurred: Error: Failed to lookup view \"404\" in views directory \"/Users/murtadha/Library/Mobile Documents/com~apple~CloudDocs/Murtadha/SKOLAN/KTH2020 Ingenjör /KTH Högskoleingenjörsdatateknik, Kista/GitMurtadha/KTH-IV1201-Recruitment-Application/views\" at Tue Mar 07 2023 14:21:12 GMT+0100 (Central European Standard Time)","service":"user-service"}
{"level":"error","message":"An error occurred: Error: Failed to lookup view \"/auth/forgotten-password-part2\" in views directory \"/Users/murtadha/Library/Mobile Documents/com~apple~CloudDocs/Murtadha/SKOLAN/KTH2020 Ingenjör /KTH Högskoleingenjörsdatateknik, Kista/GitMurtadha/KTH-IV1201-Recruitment-Application/views\" at Tue Mar 07 2023 14:27:57 GMT+0100 (Central European Standard Time)","service":"user-service"}
{"level":"error","message":"An error occurred: Error: Failed to lookup view \"./views/forgotten-password-part2.ejs\" in views directory \"/Users/murtadha/Library/Mobile Documents/com~apple~CloudDocs/Murtadha/SKOLAN/KTH2020 Ingenjör /KTH Högskoleingenjörsdatateknik, Kista/GitMurtadha/KTH-IV1201-Recruitment-Application/views\" at Tue Mar 07 2023 14:29:03 GMT+0100 (Central European Standard Time)","service":"user-service"}
{"level":"error","message":"An error occurred: Error: Failed to lookup view \"./views/forgotten-password-part2.ejs\" in views directory \"/Users/murtadha/Library/Mobile Documents/com~apple~CloudDocs/Murtadha/SKOLAN/KTH2020 Ingenjör /KTH Högskoleingenjörsdatateknik, Kista/GitMurtadha/KTH-IV1201-Recruitment-Application/views\" at Tue Mar 07 2023 14:29:06 GMT+0100 (Central European Standard Time)","service":"user-service"}
{"level":"error","message":"An error occurred: ReferenceError: /Users/murtadha/Library/Mobile Documents/com~apple~CloudDocs/Murtadha/SKOLAN/KTH2020 Ingenjör /KTH Högskoleingenjörsdatateknik, Kista/GitMurtadha/KTH-IV1201-Recruitment-Application/views/forgotten-password-part2.ejs:9\n    7|     </head>\n    8|     <body>\n >> 9|         <%- include('./partials/navbar.ejs') %>\n    10| \n    11|         <p style=\"font-size: large; color: red; display: flex; justify-content: center;\" ><%= error %></p>\n    12|         <p style=\"font-size: large; color: green; display: flex; justify-content: center;\" ><%= success %></p>\n\n/Users/murtadha/Library/Mobile Documents/com~apple~CloudDocs/Murtadha/SKOLAN/KTH2020 Ingenjör /KTH Högskoleingenjörsdatateknik, Kista/GitMurtadha/KTH-IV1201-Recruitment-Application/views/partials/navbar.ejs:17\n    15|   </div>\n    16|   <div id=\"leftHeaderContainer\">\n >> 17|     <%if(cookie !== null) { %>\n    18|       <form id=\"logoutButtonBox\" action=\"/auth/logout\">\n    19|           <button id=\"logoutButton\" type=\"submit\"><%= language['SIGN_OUT_NAVBAR'] %></button>\n    20|       </form>\n\ncookie is not defined at Tue Mar 07 2023 14:29:19 GMT+0100 (Central European Standard Time)","service":"user-service"}
{"level":"error","message":"An error occurred: ReferenceError: /Users/murtadha/Library/Mobile Documents/com~apple~CloudDocs/Murtadha/SKOLAN/KTH2020 Ingenjör /KTH Högskoleingenjörsdatateknik, Kista/GitMurtadha/KTH-IV1201-Recruitment-Application/views/forgotten-password-part2.ejs:9\n    7|     </head>\n    8|     <body>\n >> 9|         <%- include('./partials/navbar.ejs') %>\n    10| \n    11|         <p style=\"font-size: large; color: red; display: flex; justify-content: center;\" ><%= error %></p>\n    12|         <p style=\"font-size: large; color: green; display: flex; justify-content: center;\" ><%= success %></p>\n\n/Users/murtadha/Library/Mobile Documents/com~apple~CloudDocs/Murtadha/SKOLAN/KTH2020 Ingenjör /KTH Högskoleingenjörsdatateknik, Kista/GitMurtadha/KTH-IV1201-Recruitment-Application/views/partials/navbar.ejs:17\n    15|   </div>\n    16|   <div id=\"leftHeaderContainer\">\n >> 17|     <%if(cookie !== null) { %>\n    18|       <form id=\"logoutButtonBox\" action=\"/auth/logout\">\n    19|           <button id=\"logoutButton\" type=\"submit\"><%= language['SIGN_OUT_NAVBAR'] %></button>\n    20|       </form>\n\ncookie is not defined at Tue Mar 07 2023 14:29:47 GMT+0100 (Central European Standard Time)","service":"user-service"}
{"level":"error","message":"An error occurred: Error [ERR_HTTP_HEADERS_SENT]: Cannot set headers after they are sent to the client at Tue Mar 07 2023 14:30:57 GMT+0100 (Central European Standard Time)","service":"user-service"}
{"level":"error","message":"An error occurred: Error: Failed to lookup view \"404\" in views directory \"/Users/murtadha/Library/Mobile Documents/com~apple~CloudDocs/Murtadha/SKOLAN/KTH2020 Ingenjör /KTH Högskoleingenjörsdatateknik, Kista/GitMurtadha/KTH-IV1201-Recruitment-Application/views\" at Tue Mar 07 2023 14:31:51 GMT+0100 (Central European Standard Time)","service":"user-service"}
