{"level":"error","message":"An error occurred: Error: /Users/murtadha/Library/Mobile Documents/com~apple~CloudDocs/Murtadha/SKOLAN/KTH2020 Ingenjör /KTH Högskoleingenjörsdatateknik, Kista/GitMurtadha/KTH-IV1201-Recruitment-Application/views/application-form.ejs:12\n    10| \n    11| <body>\n >> 12|   <%- include('./partials/navbar.header.ejs') %>\n    13| \n    14|   <p style=\"font-size: large; color: red; display: flex; justify-content: center;\"><%= error %></p>\n    15|   <p style=\"font-size: large; color: green; display: flex; justify-content: center;\"><%= success %></p>\n\nCould not find the include file \"./partials/navbar.header.ejs\" at Tue Mar 07 2023 14:03:11 GMT+0100 (Central European Standard Time)","service":"user-service"}
{"level":"error","message":"An error occurred: Error: Password does not match. at Tue Mar 07 2023 14:13:10 GMT+0100 (Central European Standard Time)","service":"user-service"}
{"level":"error","message":"An error occurred: Error: Failed to lookup view \"404\" in views directory \"/Users/murtadha/Library/Mobile Documents/com~apple~CloudDocs/Murtadha/SKOLAN/KTH2020 Ingenjör /KTH Högskoleingenjörsdatateknik, Kista/GitMurtadha/KTH-IV1201-Recruitment-Application/views\" at Tue Mar 07 2023 14:21:12 GMT+0100 (Central European Standard Time)","service":"user-service"}
{"level":"error","message":"An error occurred: Error: Failed to lookup view \"/auth/forgotten-password-part2\" in views directory \"/Users/murtadha/Library/Mobile Documents/com~apple~CloudDocs/Murtadha/SKOLAN/KTH2020 Ingenjör /KTH Högskoleingenjörsdatateknik, Kista/GitMurtadha/KTH-IV1201-Recruitment-Application/views\" at Tue Mar 07 2023 14:27:57 GMT+0100 (Central European Standard Time)","service":"user-service"}
{"level":"error","message":"An error occurred: Error: Failed to lookup view \"./views/forgotten-password-part2.ejs\" in views directory \"/Users/murtadha/Library/Mobile Documents/com~apple~CloudDocs/Murtadha/SKOLAN/KTH2020 Ingenjör /KTH Högskoleingenjörsdatateknik, Kista/GitMurtadha/KTH-IV1201-Recruitment-Application/views\" at Tue Mar 07 2023 14:29:03 GMT+0100 (Central European Standard Time)","service":"user-service"}
{"level":"error","message":"An error occurred: Error: Failed to lookup view \"./views/forgotten-password-part2.ejs\" in views directory \"/Users/murtadha/Library/Mobile Documents/com~apple~CloudDocs/Murtadha/SKOLAN/KTH2020 Ingenjör /KTH Högskoleingenjörsdatateknik, Kista/GitMurtadha/KTH-IV1201-Recruitment-Application/views\" at Tue Mar 07 2023 14:29:06 GMT+0100 (Central European Standard Time)","service":"user-service"}
{"level":"error","message":"An error occurred: ReferenceError: /Users/murtadha/Library/Mobile Documents/com~apple~CloudDocs/Murtadha/SKOLAN/KTH2020 Ingenjör /KTH Högskoleingenjörsdatateknik, Kista/GitMurtadha/KTH-IV1201-Recruitment-Application/views/forgotten-password-part2.ejs:9\n    7|     </head>\n    8|     <body>\n >> 9|         <%- include('./partials/navbar.ejs') %>\n    10| \n    11|         <p style=\"font-size: large; color: red; display: flex; justify-content: center;\" ><%= error %></p>\n    12|         <p style=\"font-size: large; color: green; display: flex; justify-content: center;\" ><%= success %></p>\n\n/Users/murtadha/Library/Mobile Documents/com~apple~CloudDocs/Murtadha/SKOLAN/KTH2020 Ingenjör /KTH Högskoleingenjörsdatateknik, Kista/GitMurtadha/KTH-IV1201-Recruitment-Application/views/partials/navbar.ejs:17\n    15|   </div>\n    16|   <div id=\"leftHeaderContainer\">\n >> 17|     <%if(cookie !== null) { %>\n    18|       <form id=\"logoutButtonBox\" action=\"/auth/logout\">\n    19|           <button id=\"logoutButton\" type=\"submit\"><%= language['SIGN_OUT_NAVBAR'] %></button>\n    20|       </form>\n\ncookie is not defined at Tue Mar 07 2023 14:29:19 GMT+0100 (Central European Standard Time)","service":"user-service"}
{"level":"error","message":"An error occurred: ReferenceError: /Users/murtadha/Library/Mobile Documents/com~apple~CloudDocs/Murtadha/SKOLAN/KTH2020 Ingenjör /KTH Högskoleingenjörsdatateknik, Kista/GitMurtadha/KTH-IV1201-Recruitment-Application/views/forgotten-password-part2.ejs:9\n    7|     </head>\n    8|     <body>\n >> 9|         <%- include('./partials/navbar.ejs') %>\n    10| \n    11|         <p style=\"font-size: large; color: red; display: flex; justify-content: center;\" ><%= error %></p>\n    12|         <p style=\"font-size: large; color: green; display: flex; justify-content: center;\" ><%= success %></p>\n\n/Users/murtadha/Library/Mobile Documents/com~apple~CloudDocs/Murtadha/SKOLAN/KTH2020 Ingenjör /KTH Högskoleingenjörsdatateknik, Kista/GitMurtadha/KTH-IV1201-Recruitment-Application/views/partials/navbar.ejs:17\n    15|   </div>\n    16|   <div id=\"leftHeaderContainer\">\n >> 17|     <%if(cookie !== null) { %>\n    18|       <form id=\"logoutButtonBox\" action=\"/auth/logout\">\n    19|           <button id=\"logoutButton\" type=\"submit\"><%= language['SIGN_OUT_NAVBAR'] %></button>\n    20|       </form>\n\ncookie is not defined at Tue Mar 07 2023 14:29:47 GMT+0100 (Central European Standard Time)","service":"user-service"}
{"level":"error","message":"An error occurred: Error [ERR_HTTP_HEADERS_SENT]: Cannot set headers after they are sent to the client at Tue Mar 07 2023 14:30:57 GMT+0100 (Central European Standard Time)","service":"user-service"}
{"level":"error","message":"An error occurred: Error: Failed to lookup view \"404\" in views directory \"/Users/murtadha/Library/Mobile Documents/com~apple~CloudDocs/Murtadha/SKOLAN/KTH2020 Ingenjör /KTH Högskoleingenjörsdatateknik, Kista/GitMurtadha/KTH-IV1201-Recruitment-Application/views\" at Tue Mar 07 2023 14:31:51 GMT+0100 (Central European Standard Time)","service":"user-service"}
{"level":"error","message":"An error occurred: ReferenceError: C:\\Users\\malco\\OneDrive\\Documents\\KTH\\KURSER\\ArkitekturAvGlobalaApplikationer\\KTH-IV1201-Recruitment-Application\\views\\application-sent.ejs:12\n    10|     <%- include('./partials/navbar.ejs') %>\r\n    11|     \r\n >> 12|     <p style=\"font-size: large; color: red; display: flex; justify-content: center;\" ><%= error %></p>\r\n    13|     <p style=\"font-size: large; color: green; display: flex; justify-content: center;\" ><%= success %></p>\r\n    14| \r\n    15|     <form id=\"\" method=\"post\">\r\n\nerror is not defined at Tue Mar 07 2023 16:31:54 GMT+0100 (Central European Standard Time)","service":"user-service"}
{"level":"error","message":"An error occurred: Error: Competence profile already exists at Tue Mar 07 2023 16:33:41 GMT+0100 (Central European Standard Time)","service":"user-service"}
{"level":"error","message":"An error occurred: Error: Failed to lookup view \"404\" in views directory \"C:\\Users\\malco\\OneDrive\\Documents\\KTH\\KURSER\\ArkitekturAvGlobalaApplikationer\\KTH-IV1201-Recruitment-Application\\views\" at Wed Mar 08 2023 12:14:20 GMT+0100 (Central European Standard Time)","service":"user-service"}
{"level":"error","message":"An error occurred: Error: ConnectionManager.getConnection was called after the connection manager was closed! at Wed Mar 08 2023 12:44:03 GMT+0100 (Central European Standard Time)","service":"user-service"}
{"level":"error","message":"An error occurred: Error: ConnectionManager.getConnection was called after the connection manager was closed! at Wed Mar 08 2023 12:44:39 GMT+0100 (Central European Standard Time)","service":"user-service"}
{"level":"error","message":"An error occurred: Error: ConnectionManager.getConnection was called after the connection manager was closed! at Wed Mar 08 2023 12:45:15 GMT+0100 (Central European Standard Time)","service":"user-service"}
{"level":"error","message":"An error occurred: Error: ConnectionManager.getConnection was called after the connection manager was closed! at Wed Mar 08 2023 12:45:15 GMT+0100 (Central European Standard Time)","service":"user-service"}
{"level":"error","message":"An error occurred: Error: ConnectionManager.getConnection was called after the connection manager was closed! at Wed Mar 08 2023 12:45:15 GMT+0100 (Central European Standard Time)","service":"user-service"}
{"level":"error","message":"An error occurred: Error: ConnectionManager.getConnection was called after the connection manager was closed! at Wed Mar 08 2023 12:45:15 GMT+0100 (Central European Standard Time)","service":"user-service"}
{"level":"error","message":"An error occurred: Error: ConnectionManager.getConnection was called after the connection manager was closed! at Wed Mar 08 2023 12:45:15 GMT+0100 (Central European Standard Time)","service":"user-service"}
{"level":"error","message":"An error occurred: Error: ConnectionManager.getConnection was called after the connection manager was closed! at Wed Mar 08 2023 12:45:15 GMT+0100 (Central European Standard Time)","service":"user-service"}
{"level":"error","message":"An error occurred: Error: ConnectionManager.getConnection was called after the connection manager was closed! at Wed Mar 08 2023 12:45:15 GMT+0100 (Central European Standard Time)","service":"user-service"}
{"level":"error","message":"An error occurred: Error: ConnectionManager.getConnection was called after the connection manager was closed! at Wed Mar 08 2023 12:45:15 GMT+0100 (Central European Standard Time)","service":"user-service"}
{"level":"error","message":"An error occurred: Error: ConnectionManager.getConnection was called after the connection manager was closed! at Wed Mar 08 2023 12:45:15 GMT+0100 (Central European Standard Time)","service":"user-service"}
{"level":"error","message":"An error occurred: Error: ConnectionManager.getConnection was called after the connection manager was closed! at Wed Mar 08 2023 12:45:15 GMT+0100 (Central European Standard Time)","service":"user-service"}
{"level":"error","message":"An error occurred: Error: ConnectionManager.getConnection was called after the connection manager was closed! at Wed Mar 08 2023 12:45:15 GMT+0100 (Central European Standard Time)","service":"user-service"}
{"level":"error","message":"An error occurred: Error: ConnectionManager.getConnection was called after the connection manager was closed! at Wed Mar 08 2023 12:45:15 GMT+0100 (Central European Standard Time)","service":"user-service"}
{"level":"error","message":"An error occurred: Error: ConnectionManager.getConnection was called after the connection manager was closed! at Wed Mar 08 2023 12:45:15 GMT+0100 (Central European Standard Time)","service":"user-service"}
{"level":"error","message":"An error occurred: Error: ConnectionManager.getConnection was called after the connection manager was closed! at Wed Mar 08 2023 12:45:15 GMT+0100 (Central European Standard Time)","service":"user-service"}
{"level":"error","message":"An error occurred: Error: ConnectionManager.getConnection was called after the connection manager was closed! at Wed Mar 08 2023 12:45:15 GMT+0100 (Central European Standard Time)","service":"user-service"}
{"level":"error","message":"An error occurred: Error: ConnectionManager.getConnection was called after the connection manager was closed! at Wed Mar 08 2023 12:45:15 GMT+0100 (Central European Standard Time)","service":"user-service"}
{"level":"error","message":"An error occurred: Error: ConnectionManager.getConnection was called after the connection manager was closed! at Wed Mar 08 2023 12:45:15 GMT+0100 (Central European Standard Time)","service":"user-service"}
{"level":"error","message":"An error occurred: Error: ConnectionManager.getConnection was called after the connection manager was closed! at Wed Mar 08 2023 12:45:15 GMT+0100 (Central European Standard Time)","service":"user-service"}
{"level":"error","message":"An error occurred: Error: ConnectionManager.getConnection was called after the connection manager was closed! at Wed Mar 08 2023 12:45:15 GMT+0100 (Central European Standard Time)","service":"user-service"}
{"level":"error","message":"An error occurred: Error: ConnectionManager.getConnection was called after the connection manager was closed! at Wed Mar 08 2023 12:45:15 GMT+0100 (Central European Standard Time)","service":"user-service"}
{"level":"error","message":"An error occurred: Error: ConnectionManager.getConnection was called after the connection manager was closed! at Wed Mar 08 2023 12:45:16 GMT+0100 (Central European Standard Time)","service":"user-service"}
{"level":"error","message":"An error occurred: Error: ConnectionManager.getConnection was called after the connection manager was closed! at Wed Mar 08 2023 12:45:16 GMT+0100 (Central European Standard Time)","service":"user-service"}
{"level":"error","message":"An error occurred: Error: ConnectionManager.getConnection was called after the connection manager was closed! at Wed Mar 08 2023 12:45:16 GMT+0100 (Central European Standard Time)","service":"user-service"}
{"level":"error","message":"An error occurred: Error: ConnectionManager.getConnection was called after the connection manager was closed! at Wed Mar 08 2023 12:45:16 GMT+0100 (Central European Standard Time)","service":"user-service"}
{"level":"error","message":"An error occurred: Error: ConnectionManager.getConnection was called after the connection manager was closed! at Wed Mar 08 2023 12:45:16 GMT+0100 (Central European Standard Time)","service":"user-service"}
{"level":"error","message":"An error occurred: Error: ConnectionManager.getConnection was called after the connection manager was closed! at Wed Mar 08 2023 12:45:16 GMT+0100 (Central European Standard Time)","service":"user-service"}
{"level":"error","message":"An error occurred: Error: ConnectionManager.getConnection was called after the connection manager was closed! at Wed Mar 08 2023 12:45:16 GMT+0100 (Central European Standard Time)","service":"user-service"}
{"level":"error","message":"An error occurred: Error: ConnectionManager.getConnection was called after the connection manager was closed! at Wed Mar 08 2023 12:45:16 GMT+0100 (Central European Standard Time)","service":"user-service"}
{"level":"error","message":"An error occurred: Error: ConnectionManager.getConnection was called after the connection manager was closed! at Wed Mar 08 2023 12:45:16 GMT+0100 (Central European Standard Time)","service":"user-service"}
{"level":"error","message":"An error occurred: Error: ConnectionManager.getConnection was called after the connection manager was closed! at Wed Mar 08 2023 12:45:16 GMT+0100 (Central European Standard Time)","service":"user-service"}
{"level":"error","message":"An error occurred: Error: ConnectionManager.getConnection was called after the connection manager was closed! at Wed Mar 08 2023 12:45:16 GMT+0100 (Central European Standard Time)","service":"user-service"}
{"level":"error","message":"An error occurred: Error: ConnectionManager.getConnection was called after the connection manager was closed! at Wed Mar 08 2023 12:45:16 GMT+0100 (Central European Standard Time)","service":"user-service"}
{"level":"error","message":"An error occurred: Error: ConnectionManager.getConnection was called after the connection manager was closed! at Wed Mar 08 2023 12:45:16 GMT+0100 (Central European Standard Time)","service":"user-service"}
{"level":"error","message":"An error occurred: Error: ConnectionManager.getConnection was called after the connection manager was closed! at Wed Mar 08 2023 12:45:16 GMT+0100 (Central European Standard Time)","service":"user-service"}
{"level":"error","message":"An error occurred: Error: ConnectionManager.getConnection was called after the connection manager was closed! at Wed Mar 08 2023 12:45:16 GMT+0100 (Central European Standard Time)","service":"user-service"}
{"level":"error","message":"An error occurred: Error: ConnectionManager.getConnection was called after the connection manager was closed! at Wed Mar 08 2023 12:45:16 GMT+0100 (Central European Standard Time)","service":"user-service"}
{"level":"error","message":"An error occurred: Error: ConnectionManager.getConnection was called after the connection manager was closed! at Wed Mar 08 2023 12:45:16 GMT+0100 (Central European Standard Time)","service":"user-service"}
{"level":"error","message":"An error occurred: Error: ConnectionManager.getConnection was called after the connection manager was closed! at Wed Mar 08 2023 12:45:16 GMT+0100 (Central European Standard Time)","service":"user-service"}
{"level":"error","message":"An error occurred: Error: ConnectionManager.getConnection was called after the connection manager was closed! at Wed Mar 08 2023 12:45:16 GMT+0100 (Central European Standard Time)","service":"user-service"}
{"level":"error","message":"An error occurred: Error: ConnectionManager.getConnection was called after the connection manager was closed! at Wed Mar 08 2023 12:45:16 GMT+0100 (Central European Standard Time)","service":"user-service"}
{"level":"error","message":"An error occurred: Error: ConnectionManager.getConnection was called after the connection manager was closed! at Wed Mar 08 2023 12:45:17 GMT+0100 (Central European Standard Time)","service":"user-service"}
{"level":"error","message":"An error occurred: Error: ConnectionManager.getConnection was called after the connection manager was closed! at Wed Mar 08 2023 12:45:17 GMT+0100 (Central European Standard Time)","service":"user-service"}
{"level":"error","message":"An error occurred: Error: ConnectionManager.getConnection was called after the connection manager was closed! at Wed Mar 08 2023 12:45:17 GMT+0100 (Central European Standard Time)","service":"user-service"}
{"level":"error","message":"An error occurred: Error: ConnectionManager.getConnection was called after the connection manager was closed! at Wed Mar 08 2023 12:45:17 GMT+0100 (Central European Standard Time)","service":"user-service"}
{"level":"error","message":"An error occurred: Error: ConnectionManager.getConnection was called after the connection manager was closed! at Wed Mar 08 2023 12:45:17 GMT+0100 (Central European Standard Time)","service":"user-service"}
{"level":"error","message":"An error occurred: Error: ConnectionManager.getConnection was called after the connection manager was closed! at Wed Mar 08 2023 12:45:17 GMT+0100 (Central European Standard Time)","service":"user-service"}
{"level":"error","message":"An error occurred: Error: ConnectionManager.getConnection was called after the connection manager was closed! at Wed Mar 08 2023 12:45:17 GMT+0100 (Central European Standard Time)","service":"user-service"}
{"level":"error","message":"An error occurred: Error: ConnectionManager.getConnection was called after the connection manager was closed! at Wed Mar 08 2023 12:45:17 GMT+0100 (Central European Standard Time)","service":"user-service"}
{"level":"error","message":"An error occurred: Error: ConnectionManager.getConnection was called after the connection manager was closed! at Wed Mar 08 2023 12:45:17 GMT+0100 (Central European Standard Time)","service":"user-service"}
{"level":"error","message":"An error occurred: Error: ConnectionManager.getConnection was called after the connection manager was closed! at Wed Mar 08 2023 12:45:17 GMT+0100 (Central European Standard Time)","service":"user-service"}
{"level":"error","message":"An error occurred: Error: ConnectionManager.getConnection was called after the connection manager was closed! at Wed Mar 08 2023 12:45:17 GMT+0100 (Central European Standard Time)","service":"user-service"}
{"level":"error","message":"An error occurred: Error: ConnectionManager.getConnection was called after the connection manager was closed! at Wed Mar 08 2023 12:45:17 GMT+0100 (Central European Standard Time)","service":"user-service"}
{"level":"error","message":"An error occurred: Error: ConnectionManager.getConnection was called after the connection manager was closed! at Wed Mar 08 2023 12:45:17 GMT+0100 (Central European Standard Time)","service":"user-service"}
{"level":"error","message":"An error occurred: Error: ConnectionManager.getConnection was called after the connection manager was closed! at Wed Mar 08 2023 12:45:17 GMT+0100 (Central European Standard Time)","service":"user-service"}
{"level":"error","message":"An error occurred: Error: ConnectionManager.getConnection was called after the connection manager was closed! at Wed Mar 08 2023 12:45:17 GMT+0100 (Central European Standard Time)","service":"user-service"}
{"level":"error","message":"An error occurred: Error: ConnectionManager.getConnection was called after the connection manager was closed! at Wed Mar 08 2023 12:45:17 GMT+0100 (Central European Standard Time)","service":"user-service"}
{"level":"error","message":"An error occurred: Error: ConnectionManager.getConnection was called after the connection manager was closed! at Wed Mar 08 2023 12:45:17 GMT+0100 (Central European Standard Time)","service":"user-service"}
{"level":"error","message":"An error occurred: Error: ConnectionManager.getConnection was called after the connection manager was closed! at Wed Mar 08 2023 12:45:17 GMT+0100 (Central European Standard Time)","service":"user-service"}
{"level":"error","message":"An error occurred: Error: ConnectionManager.getConnection was called after the connection manager was closed! at Wed Mar 08 2023 12:45:17 GMT+0100 (Central European Standard Time)","service":"user-service"}
{"level":"error","message":"An error occurred: Error: ConnectionManager.getConnection was called after the connection manager was closed! at Wed Mar 08 2023 12:45:17 GMT+0100 (Central European Standard Time)","service":"user-service"}
{"level":"error","message":"An error occurred: Error: ConnectionManager.getConnection was called after the connection manager was closed! at Wed Mar 08 2023 12:46:05 GMT+0100 (Central European Standard Time)","service":"user-service"}
{"level":"error","message":"An error occurred: Error: ConnectionManager.getConnection was called after the connection manager was closed! at Wed Mar 08 2023 12:46:32 GMT+0100 (Central European Standard Time)","service":"user-service"}
{"level":"error","message":"An error occurred: Error: ConnectionManager.getConnection was called after the connection manager was closed! at Wed Mar 08 2023 12:47:00 GMT+0100 (Central European Standard Time)","service":"user-service"}
{"level":"error","message":"An error occurred: Error: ConnectionManager.getConnection was called after the connection manager was closed! at Wed Mar 08 2023 12:47:08 GMT+0100 (Central European Standard Time)","service":"user-service"}
{"level":"error","message":"An error occurred: Error: ConnectionManager.getConnection was called after the connection manager was closed! at Wed Mar 08 2023 12:47:09 GMT+0100 (Central European Standard Time)","service":"user-service"}
{"level":"error","message":"An error occurred: Error: ConnectionManager.getConnection was called after the connection manager was closed! at Wed Mar 08 2023 12:47:22 GMT+0100 (Central European Standard Time)","service":"user-service"}
{"level":"error","message":"An error occurred: Error: ConnectionManager.getConnection was called after the connection manager was closed! at Wed Mar 08 2023 12:51:53 GMT+0100 (Central European Standard Time)","service":"user-service"}
{"level":"error","message":"An error occurred: Error: ConnectionManager.getConnection was called after the connection manager was closed! at Wed Mar 08 2023 12:51:53 GMT+0100 (Central European Standard Time)","service":"user-service"}
{"level":"error","message":"An error occurred: Error: ConnectionManager.getConnection was called after the connection manager was closed! at Wed Mar 08 2023 12:53:52 GMT+0100 (Central European Standard Time)","service":"user-service"}
{"level":"error","message":"An error occurred: Error: ConnectionManager.getConnection was called after the connection manager was closed! at Wed Mar 08 2023 12:53:52 GMT+0100 (Central European Standard Time)","service":"user-service"}
