{"level":"request","message":"GET request made to /forgotten-password-part2 at Tue Mar 07 2023 13:42:07 GMT+0100 (Central European Standard Time)","service":"user-service"}
{"level":"query","message":"Executing query: [object Object] with parameters: [object Object] at Tue Mar 07 2023 13:42:07 GMT+0100 (Central European Standard Time)","service":"user-service"}
{"level":"request","message":"GET request made to /forgotten-password-part2 at Tue Mar 07 2023 13:42:08 GMT+0100 (Central European Standard Time)","service":"user-service"}
{"level":"query","message":"Executing query: [object Object] with parameters: [object Object] at Tue Mar 07 2023 13:42:08 GMT+0100 (Central European Standard Time)","service":"user-service"}
{"level":"request","message":"GET request made to /login at Tue Mar 07 2023 13:42:10 GMT+0100 (Central European Standard Time)","service":"user-service"}
{"level":"query","message":"Executing query: [object Object] with parameters: [object Object] at Tue Mar 07 2023 13:42:10 GMT+0100 (Central European Standard Time)","service":"user-service"}
{"level":"request","message":"GET request made to /login at Tue Mar 07 2023 13:42:11 GMT+0100 (Central European Standard Time)","service":"user-service"}
{"level":"query","message":"Executing query: [object Object] with parameters: [object Object] at Tue Mar 07 2023 13:42:11 GMT+0100 (Central European Standard Time)","service":"user-service"}
{"level":"request","message":"GET request made to /forgotten-password-part1?language=english at Tue Mar 07 2023 13:42:14 GMT+0100 (Central European Standard Time)","service":"user-service"}
{"level":"query","message":"Executing query: [object Object] with parameters: [object Object] at Tue Mar 07 2023 13:42:14 GMT+0100 (Central European Standard Time)","service":"user-service"}
{"level":"request","message":"POST request made to /forgotten-password-part1?language=english at Tue Mar 07 2023 13:42:22 GMT+0100 (Central European Standard Time)","service":"user-service"}
{"level":"query","message":"Executing query: [object Object] with parameters: [object Object] at Tue Mar 07 2023 13:42:22 GMT+0100 (Central European Standard Time)","service":"user-service"}
{"level":"fake_email","message":"\n        An email has been sent to your registered email address with further instructions to reset your password. \n        Please check your inbox and follow the instructions. If you don't receive an email within a few minutes, \n        please check your spam folder. Your one-time verification code is:  sZcPMx. \n        This code will expire in 10 minutes. Thank you for using our service.\n\n        Date: Tue Mar 07 2023 13:42:22 GMT+0100 (Central European Standard Time)","service":"user-service"}
{"level":"request","message":"GET request made to /forgotten-password-part2 at Tue Mar 07 2023 13:42:22 GMT+0100 (Central European Standard Time)","service":"user-service"}
{"level":"query","message":"Executing query: [object Object] with parameters: [object Object] at Tue Mar 07 2023 13:42:22 GMT+0100 (Central European Standard Time)","service":"user-service"}
{"level":"request","message":"POST request made to /forgotten-password-part1 at Tue Mar 07 2023 15:27:47 GMT+0100 (Central European Standard Time)","service":"user-service"}
{"level":"query","message":"Executing query: [object Object] with parameters: [object Object] at Tue Mar 07 2023 15:27:47 GMT+0100 (Central European Standard Time)","service":"user-service"}
{"level":"fake_email","message":"\n        An email has been sent to your registered email address with further instructions to reset your password. \n        Please check your inbox and follow the instructions. If you don't receive an email within a few minutes, \n        please check your spam folder. Your one-time verification code is:  i8c1M3. \n        This code will expire in 10 minutes. Thank you for using our service.\n\n        Date: Tue Mar 07 2023 15:27:47 GMT+0100 (Central European Standard Time)","service":"user-service"}
{"level":"request","message":"GET request made to /forgotten-password-part2 at Tue Mar 07 2023 15:27:47 GMT+0100 (Central European Standard Time)","service":"user-service"}
{"level":"query","message":"Executing query: [object Object] with parameters: [object Object] at Tue Mar 07 2023 15:27:47 GMT+0100 (Central European Standard Time)","service":"user-service"}
{"level":"request","message":"POST request made to /forgotten-password-part1 at Tue Mar 07 2023 15:27:50 GMT+0100 (Central European Standard Time)","service":"user-service"}
{"level":"query","message":"Executing query: [object Object] with parameters: [object Object] at Tue Mar 07 2023 15:27:50 GMT+0100 (Central European Standard Time)","service":"user-service"}
{"level":"fake_email","message":"\n        An email has been sent to your registered email address with further instructions to reset your password. \n        Please check your inbox and follow the instructions. If you don't receive an email within a few minutes, \n        please check your spam folder. Your one-time verification code is:  YaFXQQ. \n        This code will expire in 10 minutes. Thank you for using our service.\n\n        Date: Tue Mar 07 2023 15:27:50 GMT+0100 (Central European Standard Time)","service":"user-service"}
{"level":"request","message":"GET request made to /forgotten-password-part2 at Tue Mar 07 2023 15:27:50 GMT+0100 (Central European Standard Time)","service":"user-service"}
{"level":"query","message":"Executing query: [object Object] with parameters: [object Object] at Tue Mar 07 2023 15:27:50 GMT+0100 (Central European Standard Time)","service":"user-service"}
{"level":"request","message":"POST request made to /forgotten-password-part1 at Tue Mar 07 2023 15:31:42 GMT+0100 (Central European Standard Time)","service":"user-service"}
{"level":"query","message":"Executing query: [object Object] with parameters: [object Object] at Tue Mar 07 2023 15:31:42 GMT+0100 (Central European Standard Time)","service":"user-service"}
{"level":"fake_email","message":"\n        An email has been sent to your registered email address with further instructions to reset your password. \n        Please check your inbox and follow the instructions. If you don't receive an email within a few minutes, \n        please check your spam folder. Your one-time verification code is:  nQpoON. \n        This code will expire in 10 minutes. Thank you for using our service.\n\n        Date: Tue Mar 07 2023 15:31:42 GMT+0100 (Central European Standard Time)","service":"user-service"}
{"level":"request","message":"GET request made to /forgotten-password-part2 at Tue Mar 07 2023 15:31:42 GMT+0100 (Central European Standard Time)","service":"user-service"}
{"level":"query","message":"Executing query: [object Object] with parameters: [object Object] at Tue Mar 07 2023 15:31:42 GMT+0100 (Central European Standard Time)","service":"user-service"}
{"level":"request","message":"GET request made to /login at Tue Mar 07 2023 16:23:33 GMT+0100 (Central European Standard Time)","service":"user-service"}
{"level":"query","message":"Executing query: [object Object] with parameters: [object Object] at Tue Mar 07 2023 16:23:33 GMT+0100 (Central European Standard Time)","service":"user-service"}
{"level":"request","message":"GET request made to /forgotten-password-part1?language=english at Tue Mar 07 2023 16:23:35 GMT+0100 (Central European Standard Time)","service":"user-service"}
{"level":"query","message":"Executing query: [object Object] with parameters: [object Object] at Tue Mar 07 2023 16:23:35 GMT+0100 (Central European Standard Time)","service":"user-service"}
{"level":"request","message":"POST request made to /forgotten-password-part1?language=english at Tue Mar 07 2023 16:23:37 GMT+0100 (Central European Standard Time)","service":"user-service"}
{"level":"query","message":"Executing query: [object Object] with parameters: [object Object] at Tue Mar 07 2023 16:23:37 GMT+0100 (Central European Standard Time)","service":"user-service"}
{"level":"fake_email","message":"\n        An email has been sent to your registered email address with further instructions to reset your password. \n        Please check your inbox and follow the instructions. If you don't receive an email within a few minutes, \n        please check your spam folder. Your one-time verification code is:  g8YNap. \n        This code will expire in 10 minutes. Thank you for using our service.\n\n        Date: Tue Mar 07 2023 16:23:37 GMT+0100 (Central European Standard Time)","service":"user-service"}
{"level":"request","message":"GET request made to /forgotten-password-part2 at Tue Mar 07 2023 16:23:37 GMT+0100 (Central European Standard Time)","service":"user-service"}
{"level":"query","message":"Executing query: [object Object] with parameters: [object Object] at Tue Mar 07 2023 16:23:37 GMT+0100 (Central European Standard Time)","service":"user-service"}
{"level":"request","message":"POST request made to /forgotten-password-part1?language=english at Tue Mar 07 2023 16:24:33 GMT+0100 (Central European Standard Time)","service":"user-service"}
{"level":"query","message":"Executing query: [object Object] with parameters: [object Object] at Tue Mar 07 2023 16:24:33 GMT+0100 (Central European Standard Time)","service":"user-service"}
{"level":"fake_email","message":"\n        An email has been sent to your registered email address with further instructions to reset your password. \n        Please check your inbox and follow the instructions. If you don't receive an email within a few minutes, \n        please check your spam folder. Your one-time verification code is:  zt8eo6. \n        This code will expire in 10 minutes. Thank you for using our service.\n\n        Date: Tue Mar 07 2023 16:24:33 GMT+0100 (Central European Standard Time)","service":"user-service"}
{"level":"request","message":"GET request made to /forgotten-password-part2 at Tue Mar 07 2023 16:24:33 GMT+0100 (Central European Standard Time)","service":"user-service"}
{"level":"query","message":"Executing query: [object Object] with parameters: [object Object] at Tue Mar 07 2023 16:24:33 GMT+0100 (Central European Standard Time)","service":"user-service"}
{"level":"request","message":"POST request made to /forgotten-password-part1?language=english at Tue Mar 07 2023 16:24:36 GMT+0100 (Central European Standard Time)","service":"user-service"}
{"level":"query","message":"Executing query: [object Object] with parameters: [object Object] at Tue Mar 07 2023 16:24:36 GMT+0100 (Central European Standard Time)","service":"user-service"}
{"level":"fake_email","message":"\n        An email has been sent to your registered email address with further instructions to reset your password. \n        Please check your inbox and follow the instructions. If you don't receive an email within a few minutes, \n        please check your spam folder. Your one-time verification code is:  eqdgK5. \n        This code will expire in 10 minutes. Thank you for using our service.\n\n        Date: Tue Mar 07 2023 16:24:36 GMT+0100 (Central European Standard Time)","service":"user-service"}
{"level":"request","message":"GET request made to /forgotten-password-part2 at Tue Mar 07 2023 16:24:36 GMT+0100 (Central European Standard Time)","service":"user-service"}
{"level":"query","message":"Executing query: [object Object] with parameters: [object Object] at Tue Mar 07 2023 16:24:36 GMT+0100 (Central European Standard Time)","service":"user-service"}
{"level":"request","message":"GET request made to /login at Tue Mar 07 2023 16:25:25 GMT+0100 (Central European Standard Time)","service":"user-service"}
{"level":"query","message":"Executing query: [object Object] with parameters: [object Object] at Tue Mar 07 2023 16:25:25 GMT+0100 (Central European Standard Time)","service":"user-service"}
{"level":"request","message":"GET request made to /register?language=english at Tue Mar 07 2023 16:25:27 GMT+0100 (Central European Standard Time)","service":"user-service"}
{"level":"query","message":"Executing query: [object Object] with parameters: [object Object] at Tue Mar 07 2023 16:25:27 GMT+0100 (Central European Standard Time)","service":"user-service"}
{"level":"request","message":"POST request made to /register?language=english at Tue Mar 07 2023 16:25:47 GMT+0100 (Central European Standard Time)","service":"user-service"}
{"level":"query","message":"Executing query: [object Object] with parameters: [object Object] at Tue Mar 07 2023 16:25:47 GMT+0100 (Central European Standard Time)","service":"user-service"}
{"level":"request","message":"GET request made to /register at Tue Mar 07 2023 16:25:47 GMT+0100 (Central European Standard Time)","service":"user-service"}
{"level":"query","message":"Executing query: [object Object] with parameters: [object Object] at Tue Mar 07 2023 16:25:47 GMT+0100 (Central European Standard Time)","service":"user-service"}
{"level":"request","message":"GET request made to /register?language=english at Tue Mar 07 2023 16:25:55 GMT+0100 (Central European Standard Time)","service":"user-service"}
{"level":"query","message":"Executing query: [object Object] with parameters: [object Object] at Tue Mar 07 2023 16:25:55 GMT+0100 (Central European Standard Time)","service":"user-service"}
{"level":"request","message":"POST request made to /register?language=english at Tue Mar 07 2023 16:26:25 GMT+0100 (Central European Standard Time)","service":"user-service"}
{"level":"query","message":"Executing query: [object Object] with parameters: [object Object] at Tue Mar 07 2023 16:26:25 GMT+0100 (Central European Standard Time)","service":"user-service"}
{"level":"request","message":"GET request made to /login at Tue Mar 07 2023 16:26:25 GMT+0100 (Central European Standard Time)","service":"user-service"}
{"level":"query","message":"Executing query: [object Object] with parameters: [object Object] at Tue Mar 07 2023 16:26:25 GMT+0100 (Central European Standard Time)","service":"user-service"}
{"level":"request","message":"GET request made to /forgotten-password-part1?language=english at Tue Mar 07 2023 16:27:06 GMT+0100 (Central European Standard Time)","service":"user-service"}
{"level":"query","message":"Executing query: [object Object] with parameters: [object Object] at Tue Mar 07 2023 16:27:06 GMT+0100 (Central European Standard Time)","service":"user-service"}
{"level":"request","message":"POST request made to /forgotten-password-part1?language=english at Tue Mar 07 2023 16:27:12 GMT+0100 (Central European Standard Time)","service":"user-service"}
{"level":"query","message":"Executing query: [object Object] with parameters: [object Object] at Tue Mar 07 2023 16:27:12 GMT+0100 (Central European Standard Time)","service":"user-service"}
{"level":"warn","message":"Too many login attempts from IP address ::1 at Tue Mar 07 2023 16:27:12 GMT+0100 (Central European Standard Time)","service":"user-service"}
{"level":"fake_email","message":"\n        An email has been sent to your registered email address with further instructions to reset your password. \n        Please check your inbox and follow the instructions. If you don't receive an email within a few minutes, \n        please check your spam folder. Your one-time verification code is:  M0d7ZJ. \n        This code will expire in 10 minutes. Thank you for using our service.\n\n        Date: Tue Mar 07 2023 16:27:12 GMT+0100 (Central European Standard Time)","service":"user-service"}
{"level":"request","message":"GET request made to /forgotten-password-part2 at Tue Mar 07 2023 16:27:12 GMT+0100 (Central European Standard Time)","service":"user-service"}
{"level":"query","message":"Executing query: [object Object] with parameters: [object Object] at Tue Mar 07 2023 16:27:12 GMT+0100 (Central European Standard Time)","service":"user-service"}
{"level":"warn","message":"Too many login attempts from IP address ::1 at Tue Mar 07 2023 16:27:12 GMT+0100 (Central European Standard Time)","service":"user-service"}
{"level":"request","message":"GET request made to /login at Tue Mar 07 2023 16:30:32 GMT+0100 (Central European Standard Time)","service":"user-service"}
{"level":"query","message":"Executing query: [object Object] with parameters: [object Object] at Tue Mar 07 2023 16:30:32 GMT+0100 (Central European Standard Time)","service":"user-service"}
{"level":"warn","message":"Too many login attempts from IP address ::1 at Tue Mar 07 2023 16:30:32 GMT+0100 (Central European Standard Time)","service":"user-service"}
{"level":"request","message":"GET request made to /register?language=english at Tue Mar 07 2023 16:30:49 GMT+0100 (Central European Standard Time)","service":"user-service"}
{"level":"query","message":"Executing query: [object Object] with parameters: [object Object] at Tue Mar 07 2023 16:30:49 GMT+0100 (Central European Standard Time)","service":"user-service"}
{"level":"warn","message":"Too many login attempts from IP address ::1 at Tue Mar 07 2023 16:30:49 GMT+0100 (Central European Standard Time)","service":"user-service"}
{"level":"request","message":"POST request made to /register?language=english at Tue Mar 07 2023 16:31:14 GMT+0100 (Central European Standard Time)","service":"user-service"}
{"level":"query","message":"Executing query: [object Object] with parameters: [object Object] at Tue Mar 07 2023 16:31:14 GMT+0100 (Central European Standard Time)","service":"user-service"}
{"level":"warn","message":"Too many login attempts from IP address ::1 at Tue Mar 07 2023 16:31:14 GMT+0100 (Central European Standard Time)","service":"user-service"}
{"level":"request","message":"GET request made to /register at Tue Mar 07 2023 16:31:14 GMT+0100 (Central European Standard Time)","service":"user-service"}
{"level":"query","message":"Executing query: [object Object] with parameters: [object Object] at Tue Mar 07 2023 16:31:14 GMT+0100 (Central European Standard Time)","service":"user-service"}
{"level":"warn","message":"Too many login attempts from IP address ::1 at Tue Mar 07 2023 16:31:14 GMT+0100 (Central European Standard Time)","service":"user-service"}
{"level":"request","message":"GET request made to /register?language=english at Tue Mar 07 2023 16:31:17 GMT+0100 (Central European Standard Time)","service":"user-service"}
{"level":"query","message":"Executing query: [object Object] with parameters: [object Object] at Tue Mar 07 2023 16:31:17 GMT+0100 (Central European Standard Time)","service":"user-service"}
{"level":"warn","message":"Too many login attempts from IP address ::1 at Tue Mar 07 2023 16:31:17 GMT+0100 (Central European Standard Time)","service":"user-service"}
{"level":"request","message":"POST request made to /register?language=english at Tue Mar 07 2023 16:31:23 GMT+0100 (Central European Standard Time)","service":"user-service"}
{"level":"query","message":"Executing query: [object Object] with parameters: [object Object] at Tue Mar 07 2023 16:31:23 GMT+0100 (Central European Standard Time)","service":"user-service"}
{"level":"warn","message":"Too many login attempts from IP address ::1 at Tue Mar 07 2023 16:31:23 GMT+0100 (Central European Standard Time)","service":"user-service"}
{"level":"request","message":"GET request made to /login at Tue Mar 07 2023 16:31:23 GMT+0100 (Central European Standard Time)","service":"user-service"}
{"level":"query","message":"Executing query: [object Object] with parameters: [object Object] at Tue Mar 07 2023 16:31:23 GMT+0100 (Central European Standard Time)","service":"user-service"}
{"level":"warn","message":"Too many login attempts from IP address ::1 at Tue Mar 07 2023 16:31:23 GMT+0100 (Central European Standard Time)","service":"user-service"}
{"level":"request","message":"POST request made to /login at Tue Mar 07 2023 16:31:42 GMT+0100 (Central European Standard Time)","service":"user-service"}
{"level":"query","message":"Executing query: [object Object] with parameters: [object Object] at Tue Mar 07 2023 16:31:42 GMT+0100 (Central European Standard Time)","service":"user-service"}
{"level":"warn","message":"Too many login attempts from IP address ::1 at Tue Mar 07 2023 16:31:42 GMT+0100 (Central European Standard Time)","service":"user-service"}
{"level":"request","message":"GET request made to /application-form at Tue Mar 07 2023 16:31:42 GMT+0100 (Central European Standard Time)","service":"user-service"}
{"level":"query","message":"Executing query: [object Object] with parameters: [object Object] at Tue Mar 07 2023 16:31:42 GMT+0100 (Central European Standard Time)","service":"user-service"}
{"level":"request","message":"POST request made to /application-form at Tue Mar 07 2023 16:31:54 GMT+0100 (Central European Standard Time)","service":"user-service"}
{"level":"query","message":"Executing query: [object Object] with parameters: [object Object] at Tue Mar 07 2023 16:31:54 GMT+0100 (Central European Standard Time)","service":"user-service"}
{"level":"request","message":"GET request made to /application-sent at Tue Mar 07 2023 16:31:54 GMT+0100 (Central European Standard Time)","service":"user-service"}
{"level":"query","message":"Executing query: [object Object] with parameters: [object Object] at Tue Mar 07 2023 16:31:54 GMT+0100 (Central European Standard Time)","service":"user-service"}
{"level":"error","message":"An error occurred: ReferenceError: C:\\Users\\malco\\OneDrive\\Documents\\KTH\\KURSER\\ArkitekturAvGlobalaApplikationer\\KTH-IV1201-Recruitment-Application\\views\\application-sent.ejs:12\n    10|     <%- include('./partials/navbar.ejs') %>\r\n    11|     \r\n >> 12|     <p style=\"font-size: large; color: red; display: flex; justify-content: center;\" ><%= error %></p>\r\n    13|     <p style=\"font-size: large; color: green; display: flex; justify-content: center;\" ><%= success %></p>\r\n    14| \r\n    15|     <form id=\"\" method=\"post\">\r\n\nerror is not defined at Tue Mar 07 2023 16:31:54 GMT+0100 (Central European Standard Time)","service":"user-service"}
{"level":"request","message":"GET request made to /application-form at Tue Mar 07 2023 16:33:38 GMT+0100 (Central European Standard Time)","service":"user-service"}
{"level":"query","message":"Executing query: [object Object] with parameters: [object Object] at Tue Mar 07 2023 16:33:38 GMT+0100 (Central European Standard Time)","service":"user-service"}
{"level":"request","message":"POST request made to /application-form at Tue Mar 07 2023 16:33:41 GMT+0100 (Central European Standard Time)","service":"user-service"}
{"level":"query","message":"Executing query: [object Object] with parameters: [object Object] at Tue Mar 07 2023 16:33:41 GMT+0100 (Central European Standard Time)","service":"user-service"}
{"level":"error","message":"An error occurred: Error: Competence profile already exists at Tue Mar 07 2023 16:33:41 GMT+0100 (Central European Standard Time)","service":"user-service"}
{"level":"request","message":"GET request made to /application-form at Tue Mar 07 2023 16:33:41 GMT+0100 (Central European Standard Time)","service":"user-service"}
{"level":"query","message":"Executing query: [object Object] with parameters: [object Object] at Tue Mar 07 2023 16:33:41 GMT+0100 (Central European Standard Time)","service":"user-service"}
{"level":"request","message":"POST request made to /application-form at Tue Mar 07 2023 16:33:58 GMT+0100 (Central European Standard Time)","service":"user-service"}
{"level":"query","message":"Executing query: [object Object] with parameters: [object Object] at Tue Mar 07 2023 16:33:58 GMT+0100 (Central European Standard Time)","service":"user-service"}
{"level":"request","message":"GET request made to /application-sent at Tue Mar 07 2023 16:33:58 GMT+0100 (Central European Standard Time)","service":"user-service"}
{"level":"query","message":"Executing query: [object Object] with parameters: [object Object] at Tue Mar 07 2023 16:33:58 GMT+0100 (Central European Standard Time)","service":"user-service"}
{"level":"request","message":"GET request made to /login at Wed Mar 08 2023 12:14:20 GMT+0100 (Central European Standard Time)","service":"user-service"}
{"level":"query","message":"Executing query: [object Object] with parameters: [object Object] at Wed Mar 08 2023 12:14:20 GMT+0100 (Central European Standard Time)","service":"user-service"}
{"level":"error","message":"An error occurred: Error: Failed to lookup view \"404\" in views directory \"C:\\Users\\malco\\OneDrive\\Documents\\KTH\\KURSER\\ArkitekturAvGlobalaApplikationer\\KTH-IV1201-Recruitment-Application\\views\" at Wed Mar 08 2023 12:14:20 GMT+0100 (Central European Standard Time)","service":"user-service"}
{"level":"request","message":"GET request made to /login at Wed Mar 08 2023 12:15:40 GMT+0100 (Central European Standard Time)","service":"user-service"}
{"level":"query","message":"Executing query: [object Object] with parameters: [object Object] at Wed Mar 08 2023 12:15:40 GMT+0100 (Central European Standard Time)","service":"user-service"}
{"level":"request","message":"GET request made to /login at Wed Mar 08 2023 12:18:04 GMT+0100 (Central European Standard Time)","service":"user-service"}
{"level":"query","message":"Executing query: [object Object] with parameters: [object Object] at Wed Mar 08 2023 12:18:04 GMT+0100 (Central European Standard Time)","service":"user-service"}
{"level":"request","message":"GET request made to /login at Wed Mar 08 2023 12:18:05 GMT+0100 (Central European Standard Time)","service":"user-service"}
{"level":"query","message":"Executing query: [object Object] with parameters: [object Object] at Wed Mar 08 2023 12:18:05 GMT+0100 (Central European Standard Time)","service":"user-service"}
{"level":"request","message":"GET request made to /login at Wed Mar 08 2023 12:18:05 GMT+0100 (Central European Standard Time)","service":"user-service"}
{"level":"query","message":"Executing query: [object Object] with parameters: [object Object] at Wed Mar 08 2023 12:18:05 GMT+0100 (Central European Standard Time)","service":"user-service"}
{"level":"request","message":"GET request made to /login at Wed Mar 08 2023 12:20:30 GMT+0100 (Central European Standard Time)","service":"user-service"}
{"level":"query","message":"Executing query: [object Object] with parameters: [object Object] at Wed Mar 08 2023 12:20:30 GMT+0100 (Central European Standard Time)","service":"user-service"}
{"level":"request","message":"GET request made to /login at Wed Mar 08 2023 12:20:30 GMT+0100 (Central European Standard Time)","service":"user-service"}
{"level":"query","message":"Executing query: [object Object] with parameters: [object Object] at Wed Mar 08 2023 12:20:30 GMT+0100 (Central European Standard Time)","service":"user-service"}
{"level":"request","message":"GET request made to /login at Wed Mar 08 2023 12:20:31 GMT+0100 (Central European Standard Time)","service":"user-service"}
{"level":"query","message":"Executing query: [object Object] with parameters: [object Object] at Wed Mar 08 2023 12:20:31 GMT+0100 (Central European Standard Time)","service":"user-service"}
{"level":"request","message":"GET request made to /login at Wed Mar 08 2023 12:20:31 GMT+0100 (Central European Standard Time)","service":"user-service"}
{"level":"query","message":"Executing query: [object Object] with parameters: [object Object] at Wed Mar 08 2023 12:20:31 GMT+0100 (Central European Standard Time)","service":"user-service"}
{"level":"request","message":"GET request made to /login at Wed Mar 08 2023 12:20:31 GMT+0100 (Central European Standard Time)","service":"user-service"}
{"level":"query","message":"Executing query: [object Object] with parameters: [object Object] at Wed Mar 08 2023 12:20:31 GMT+0100 (Central European Standard Time)","service":"user-service"}
{"level":"request","message":"GET request made to /login at Wed Mar 08 2023 12:20:31 GMT+0100 (Central European Standard Time)","service":"user-service"}
{"level":"query","message":"Executing query: [object Object] with parameters: [object Object] at Wed Mar 08 2023 12:20:31 GMT+0100 (Central European Standard Time)","service":"user-service"}
{"level":"request","message":"GET request made to /login at Wed Mar 08 2023 12:21:21 GMT+0100 (Central European Standard Time)","service":"user-service"}
{"level":"request","message":"GET request made to /login at Wed Mar 08 2023 12:22:46 GMT+0100 (Central European Standard Time)","service":"user-service"}
{"level":"request","message":"GET request made to /login at Wed Mar 08 2023 12:23:48 GMT+0100 (Central European Standard Time)","service":"user-service"}
{"level":"request","message":"GET request made to /login at Wed Mar 08 2023 12:23:56 GMT+0100 (Central European Standard Time)","service":"user-service"}
{"level":"request","message":"GET request made to /login at Wed Mar 08 2023 12:23:59 GMT+0100 (Central European Standard Time)","service":"user-service"}
{"level":"query","message":"Executing query: [object Object] with parameters: [object Object] at Wed Mar 08 2023 12:23:59 GMT+0100 (Central European Standard Time)","service":"user-service"}
{"level":"request","message":"GET request made to /login at Wed Mar 08 2023 12:24:00 GMT+0100 (Central European Standard Time)","service":"user-service"}
{"level":"query","message":"Executing query: [object Object] with parameters: [object Object] at Wed Mar 08 2023 12:24:00 GMT+0100 (Central European Standard Time)","service":"user-service"}
{"level":"request","message":"GET request made to /login at Wed Mar 08 2023 12:24:00 GMT+0100 (Central European Standard Time)","service":"user-service"}
{"level":"query","message":"Executing query: [object Object] with parameters: [object Object] at Wed Mar 08 2023 12:24:00 GMT+0100 (Central European Standard Time)","service":"user-service"}
{"level":"request","message":"GET request made to /login at Wed Mar 08 2023 12:26:23 GMT+0100 (Central European Standard Time)","service":"user-service"}
{"level":"request","message":"GET request made to /login at Wed Mar 08 2023 12:40:10 GMT+0100 (Central European Standard Time)","service":"user-service"}
{"level":"query","message":"Executing query: [object Object] with parameters: [object Object] at Wed Mar 08 2023 12:40:10 GMT+0100 (Central European Standard Time)","service":"user-service"}
{"level":"request","message":"GET request made to /login at Wed Mar 08 2023 12:42:43 GMT+0100 (Central European Standard Time)","service":"user-service"}
{"level":"query","message":"Executing query: [object Object] with parameters: [object Object] at Wed Mar 08 2023 12:42:43 GMT+0100 (Central European Standard Time)","service":"user-service"}
{"level":"error","message":"An error occurred: Error: ConnectionManager.getConnection was called after the connection manager was closed! at Wed Mar 08 2023 12:44:03 GMT+0100 (Central European Standard Time)","service":"user-service"}
{"level":"error","message":"An error occurred: Error: ConnectionManager.getConnection was called after the connection manager was closed! at Wed Mar 08 2023 12:44:39 GMT+0100 (Central European Standard Time)","service":"user-service"}
{"level":"error","message":"An error occurred: Error: ConnectionManager.getConnection was called after the connection manager was closed! at Wed Mar 08 2023 12:45:15 GMT+0100 (Central European Standard Time)","service":"user-service"}
{"level":"error","message":"An error occurred: Error: ConnectionManager.getConnection was called after the connection manager was closed! at Wed Mar 08 2023 12:45:15 GMT+0100 (Central European Standard Time)","service":"user-service"}
{"level":"error","message":"An error occurred: Error: ConnectionManager.getConnection was called after the connection manager was closed! at Wed Mar 08 2023 12:45:15 GMT+0100 (Central European Standard Time)","service":"user-service"}
{"level":"error","message":"An error occurred: Error: ConnectionManager.getConnection was called after the connection manager was closed! at Wed Mar 08 2023 12:45:15 GMT+0100 (Central European Standard Time)","service":"user-service"}
{"level":"error","message":"An error occurred: Error: ConnectionManager.getConnection was called after the connection manager was closed! at Wed Mar 08 2023 12:45:15 GMT+0100 (Central European Standard Time)","service":"user-service"}
{"level":"error","message":"An error occurred: Error: ConnectionManager.getConnection was called after the connection manager was closed! at Wed Mar 08 2023 12:45:15 GMT+0100 (Central European Standard Time)","service":"user-service"}
{"level":"error","message":"An error occurred: Error: ConnectionManager.getConnection was called after the connection manager was closed! at Wed Mar 08 2023 12:45:15 GMT+0100 (Central European Standard Time)","service":"user-service"}
{"level":"error","message":"An error occurred: Error: ConnectionManager.getConnection was called after the connection manager was closed! at Wed Mar 08 2023 12:45:15 GMT+0100 (Central European Standard Time)","service":"user-service"}
{"level":"error","message":"An error occurred: Error: ConnectionManager.getConnection was called after the connection manager was closed! at Wed Mar 08 2023 12:45:15 GMT+0100 (Central European Standard Time)","service":"user-service"}
{"level":"error","message":"An error occurred: Error: ConnectionManager.getConnection was called after the connection manager was closed! at Wed Mar 08 2023 12:45:15 GMT+0100 (Central European Standard Time)","service":"user-service"}
{"level":"error","message":"An error occurred: Error: ConnectionManager.getConnection was called after the connection manager was closed! at Wed Mar 08 2023 12:45:15 GMT+0100 (Central European Standard Time)","service":"user-service"}
{"level":"error","message":"An error occurred: Error: ConnectionManager.getConnection was called after the connection manager was closed! at Wed Mar 08 2023 12:45:15 GMT+0100 (Central European Standard Time)","service":"user-service"}
{"level":"error","message":"An error occurred: Error: ConnectionManager.getConnection was called after the connection manager was closed! at Wed Mar 08 2023 12:45:15 GMT+0100 (Central European Standard Time)","service":"user-service"}
{"level":"error","message":"An error occurred: Error: ConnectionManager.getConnection was called after the connection manager was closed! at Wed Mar 08 2023 12:45:15 GMT+0100 (Central European Standard Time)","service":"user-service"}
{"level":"error","message":"An error occurred: Error: ConnectionManager.getConnection was called after the connection manager was closed! at Wed Mar 08 2023 12:45:15 GMT+0100 (Central European Standard Time)","service":"user-service"}
{"level":"error","message":"An error occurred: Error: ConnectionManager.getConnection was called after the connection manager was closed! at Wed Mar 08 2023 12:45:15 GMT+0100 (Central European Standard Time)","service":"user-service"}
{"level":"error","message":"An error occurred: Error: ConnectionManager.getConnection was called after the connection manager was closed! at Wed Mar 08 2023 12:45:15 GMT+0100 (Central European Standard Time)","service":"user-service"}
{"level":"error","message":"An error occurred: Error: ConnectionManager.getConnection was called after the connection manager was closed! at Wed Mar 08 2023 12:45:15 GMT+0100 (Central European Standard Time)","service":"user-service"}
{"level":"error","message":"An error occurred: Error: ConnectionManager.getConnection was called after the connection manager was closed! at Wed Mar 08 2023 12:45:15 GMT+0100 (Central European Standard Time)","service":"user-service"}
{"level":"error","message":"An error occurred: Error: ConnectionManager.getConnection was called after the connection manager was closed! at Wed Mar 08 2023 12:45:15 GMT+0100 (Central European Standard Time)","service":"user-service"}
{"level":"error","message":"An error occurred: Error: ConnectionManager.getConnection was called after the connection manager was closed! at Wed Mar 08 2023 12:45:16 GMT+0100 (Central European Standard Time)","service":"user-service"}
{"level":"error","message":"An error occurred: Error: ConnectionManager.getConnection was called after the connection manager was closed! at Wed Mar 08 2023 12:45:16 GMT+0100 (Central European Standard Time)","service":"user-service"}
{"level":"error","message":"An error occurred: Error: ConnectionManager.getConnection was called after the connection manager was closed! at Wed Mar 08 2023 12:45:16 GMT+0100 (Central European Standard Time)","service":"user-service"}
{"level":"error","message":"An error occurred: Error: ConnectionManager.getConnection was called after the connection manager was closed! at Wed Mar 08 2023 12:45:16 GMT+0100 (Central European Standard Time)","service":"user-service"}
{"level":"error","message":"An error occurred: Error: ConnectionManager.getConnection was called after the connection manager was closed! at Wed Mar 08 2023 12:45:16 GMT+0100 (Central European Standard Time)","service":"user-service"}
{"level":"error","message":"An error occurred: Error: ConnectionManager.getConnection was called after the connection manager was closed! at Wed Mar 08 2023 12:45:16 GMT+0100 (Central European Standard Time)","service":"user-service"}
{"level":"error","message":"An error occurred: Error: ConnectionManager.getConnection was called after the connection manager was closed! at Wed Mar 08 2023 12:45:16 GMT+0100 (Central European Standard Time)","service":"user-service"}
{"level":"error","message":"An error occurred: Error: ConnectionManager.getConnection was called after the connection manager was closed! at Wed Mar 08 2023 12:45:16 GMT+0100 (Central European Standard Time)","service":"user-service"}
{"level":"error","message":"An error occurred: Error: ConnectionManager.getConnection was called after the connection manager was closed! at Wed Mar 08 2023 12:45:16 GMT+0100 (Central European Standard Time)","service":"user-service"}
{"level":"error","message":"An error occurred: Error: ConnectionManager.getConnection was called after the connection manager was closed! at Wed Mar 08 2023 12:45:16 GMT+0100 (Central European Standard Time)","service":"user-service"}
{"level":"error","message":"An error occurred: Error: ConnectionManager.getConnection was called after the connection manager was closed! at Wed Mar 08 2023 12:45:16 GMT+0100 (Central European Standard Time)","service":"user-service"}
{"level":"error","message":"An error occurred: Error: ConnectionManager.getConnection was called after the connection manager was closed! at Wed Mar 08 2023 12:45:16 GMT+0100 (Central European Standard Time)","service":"user-service"}
{"level":"error","message":"An error occurred: Error: ConnectionManager.getConnection was called after the connection manager was closed! at Wed Mar 08 2023 12:45:16 GMT+0100 (Central European Standard Time)","service":"user-service"}
{"level":"error","message":"An error occurred: Error: ConnectionManager.getConnection was called after the connection manager was closed! at Wed Mar 08 2023 12:45:16 GMT+0100 (Central European Standard Time)","service":"user-service"}
{"level":"error","message":"An error occurred: Error: ConnectionManager.getConnection was called after the connection manager was closed! at Wed Mar 08 2023 12:45:16 GMT+0100 (Central European Standard Time)","service":"user-service"}
{"level":"error","message":"An error occurred: Error: ConnectionManager.getConnection was called after the connection manager was closed! at Wed Mar 08 2023 12:45:16 GMT+0100 (Central European Standard Time)","service":"user-service"}
{"level":"error","message":"An error occurred: Error: ConnectionManager.getConnection was called after the connection manager was closed! at Wed Mar 08 2023 12:45:16 GMT+0100 (Central European Standard Time)","service":"user-service"}
{"level":"error","message":"An error occurred: Error: ConnectionManager.getConnection was called after the connection manager was closed! at Wed Mar 08 2023 12:45:16 GMT+0100 (Central European Standard Time)","service":"user-service"}
{"level":"error","message":"An error occurred: Error: ConnectionManager.getConnection was called after the connection manager was closed! at Wed Mar 08 2023 12:45:16 GMT+0100 (Central European Standard Time)","service":"user-service"}
{"level":"error","message":"An error occurred: Error: ConnectionManager.getConnection was called after the connection manager was closed! at Wed Mar 08 2023 12:45:16 GMT+0100 (Central European Standard Time)","service":"user-service"}
{"level":"error","message":"An error occurred: Error: ConnectionManager.getConnection was called after the connection manager was closed! at Wed Mar 08 2023 12:45:17 GMT+0100 (Central European Standard Time)","service":"user-service"}
{"level":"error","message":"An error occurred: Error: ConnectionManager.getConnection was called after the connection manager was closed! at Wed Mar 08 2023 12:45:17 GMT+0100 (Central European Standard Time)","service":"user-service"}
{"level":"error","message":"An error occurred: Error: ConnectionManager.getConnection was called after the connection manager was closed! at Wed Mar 08 2023 12:45:17 GMT+0100 (Central European Standard Time)","service":"user-service"}
{"level":"error","message":"An error occurred: Error: ConnectionManager.getConnection was called after the connection manager was closed! at Wed Mar 08 2023 12:45:17 GMT+0100 (Central European Standard Time)","service":"user-service"}
{"level":"error","message":"An error occurred: Error: ConnectionManager.getConnection was called after the connection manager was closed! at Wed Mar 08 2023 12:45:17 GMT+0100 (Central European Standard Time)","service":"user-service"}
{"level":"error","message":"An error occurred: Error: ConnectionManager.getConnection was called after the connection manager was closed! at Wed Mar 08 2023 12:45:17 GMT+0100 (Central European Standard Time)","service":"user-service"}
{"level":"error","message":"An error occurred: Error: ConnectionManager.getConnection was called after the connection manager was closed! at Wed Mar 08 2023 12:45:17 GMT+0100 (Central European Standard Time)","service":"user-service"}
{"level":"error","message":"An error occurred: Error: ConnectionManager.getConnection was called after the connection manager was closed! at Wed Mar 08 2023 12:45:17 GMT+0100 (Central European Standard Time)","service":"user-service"}
{"level":"error","message":"An error occurred: Error: ConnectionManager.getConnection was called after the connection manager was closed! at Wed Mar 08 2023 12:45:17 GMT+0100 (Central European Standard Time)","service":"user-service"}
{"level":"error","message":"An error occurred: Error: ConnectionManager.getConnection was called after the connection manager was closed! at Wed Mar 08 2023 12:45:17 GMT+0100 (Central European Standard Time)","service":"user-service"}
{"level":"error","message":"An error occurred: Error: ConnectionManager.getConnection was called after the connection manager was closed! at Wed Mar 08 2023 12:45:17 GMT+0100 (Central European Standard Time)","service":"user-service"}
{"level":"error","message":"An error occurred: Error: ConnectionManager.getConnection was called after the connection manager was closed! at Wed Mar 08 2023 12:45:17 GMT+0100 (Central European Standard Time)","service":"user-service"}
{"level":"error","message":"An error occurred: Error: ConnectionManager.getConnection was called after the connection manager was closed! at Wed Mar 08 2023 12:45:17 GMT+0100 (Central European Standard Time)","service":"user-service"}
{"level":"error","message":"An error occurred: Error: ConnectionManager.getConnection was called after the connection manager was closed! at Wed Mar 08 2023 12:45:17 GMT+0100 (Central European Standard Time)","service":"user-service"}
{"level":"error","message":"An error occurred: Error: ConnectionManager.getConnection was called after the connection manager was closed! at Wed Mar 08 2023 12:45:17 GMT+0100 (Central European Standard Time)","service":"user-service"}
{"level":"error","message":"An error occurred: Error: ConnectionManager.getConnection was called after the connection manager was closed! at Wed Mar 08 2023 12:45:17 GMT+0100 (Central European Standard Time)","service":"user-service"}
{"level":"error","message":"An error occurred: Error: ConnectionManager.getConnection was called after the connection manager was closed! at Wed Mar 08 2023 12:45:17 GMT+0100 (Central European Standard Time)","service":"user-service"}
{"level":"error","message":"An error occurred: Error: ConnectionManager.getConnection was called after the connection manager was closed! at Wed Mar 08 2023 12:45:17 GMT+0100 (Central European Standard Time)","service":"user-service"}
{"level":"error","message":"An error occurred: Error: ConnectionManager.getConnection was called after the connection manager was closed! at Wed Mar 08 2023 12:45:17 GMT+0100 (Central European Standard Time)","service":"user-service"}
{"level":"error","message":"An error occurred: Error: ConnectionManager.getConnection was called after the connection manager was closed! at Wed Mar 08 2023 12:45:17 GMT+0100 (Central European Standard Time)","service":"user-service"}
{"level":"request","message":"GET request made to /login at Wed Mar 08 2023 12:45:23 GMT+0100 (Central European Standard Time)","service":"user-service"}
{"level":"error","message":"An error occurred: Error: ConnectionManager.getConnection was called after the connection manager was closed! at Wed Mar 08 2023 12:46:05 GMT+0100 (Central European Standard Time)","service":"user-service"}
{"level":"error","message":"An error occurred: Error: ConnectionManager.getConnection was called after the connection manager was closed! at Wed Mar 08 2023 12:46:32 GMT+0100 (Central European Standard Time)","service":"user-service"}
{"level":"error","message":"An error occurred: Error: ConnectionManager.getConnection was called after the connection manager was closed! at Wed Mar 08 2023 12:47:00 GMT+0100 (Central European Standard Time)","service":"user-service"}
{"level":"error","message":"An error occurred: Error: ConnectionManager.getConnection was called after the connection manager was closed! at Wed Mar 08 2023 12:47:08 GMT+0100 (Central European Standard Time)","service":"user-service"}
{"level":"error","message":"An error occurred: Error: ConnectionManager.getConnection was called after the connection manager was closed! at Wed Mar 08 2023 12:47:09 GMT+0100 (Central European Standard Time)","service":"user-service"}
{"level":"error","message":"An error occurred: Error: ConnectionManager.getConnection was called after the connection manager was closed! at Wed Mar 08 2023 12:47:22 GMT+0100 (Central European Standard Time)","service":"user-service"}
{"level":"request","message":"GET request made to /login at Wed Mar 08 2023 12:47:34 GMT+0100 (Central European Standard Time)","service":"user-service"}
{"level":"query","message":"Executing query: [object Object] with parameters: [object Object] at Wed Mar 08 2023 12:47:34 GMT+0100 (Central European Standard Time)","service":"user-service"}
{"level":"error","message":"An error occurred: Error: ConnectionManager.getConnection was called after the connection manager was closed! at Wed Mar 08 2023 12:51:53 GMT+0100 (Central European Standard Time)","service":"user-service"}
{"level":"error","message":"An error occurred: Error: ConnectionManager.getConnection was called after the connection manager was closed! at Wed Mar 08 2023 12:51:53 GMT+0100 (Central European Standard Time)","service":"user-service"}
{"level":"request","message":"GET request made to /login at Wed Mar 08 2023 12:53:33 GMT+0100 (Central European Standard Time)","service":"user-service"}
{"level":"query","message":"Executing query: [object Object] with parameters: [object Object] at Wed Mar 08 2023 12:53:33 GMT+0100 (Central European Standard Time)","service":"user-service"}
{"level":"request","message":"GET request made to /login at Wed Mar 08 2023 12:53:51 GMT+0100 (Central European Standard Time)","service":"user-service"}
{"level":"query","message":"Executing query: [object Object] with parameters: [object Object] at Wed Mar 08 2023 12:53:51 GMT+0100 (Central European Standard Time)","service":"user-service"}
{"level":"error","message":"An error occurred: Error: ConnectionManager.getConnection was called after the connection manager was closed! at Wed Mar 08 2023 12:53:52 GMT+0100 (Central European Standard Time)","service":"user-service"}
{"level":"error","message":"An error occurred: Error: ConnectionManager.getConnection was called after the connection manager was closed! at Wed Mar 08 2023 12:53:52 GMT+0100 (Central European Standard Time)","service":"user-service"}
{"level":"request","message":"GET request made to /login at Wed Mar 08 2023 21:33:17 GMT+0100 (Central European Standard Time)","service":"user-service"}
{"level":"query","message":"Executing query: [object Object] with parameters: [object Object] at Wed Mar 08 2023 21:33:17 GMT+0100 (Central European Standard Time)","service":"user-service"}
{"level":"request","message":"POST request made to /login at Wed Mar 08 2023 21:33:22 GMT+0100 (Central European Standard Time)","service":"user-service"}
{"level":"query","message":"Executing query: [object Object] with parameters: [object Object] at Wed Mar 08 2023 21:33:22 GMT+0100 (Central European Standard Time)","service":"user-service"}
{"level":"request","message":"GET request made to /application-form at Wed Mar 08 2023 21:33:22 GMT+0100 (Central European Standard Time)","service":"user-service"}
{"level":"query","message":"Executing query: [object Object] with parameters: [object Object] at Wed Mar 08 2023 21:33:22 GMT+0100 (Central European Standard Time)","service":"user-service"}
{"level":"request","message":"POST request made to /application-form at Wed Mar 08 2023 21:34:47 GMT+0100 (Central European Standard Time)","service":"user-service"}
{"level":"query","message":"Executing query: [object Object] with parameters: [object Object] at Wed Mar 08 2023 21:34:47 GMT+0100 (Central European Standard Time)","service":"user-service"}
{"level":"error","message":"An error occurred: Error: Competence profile already exists at Wed Mar 08 2023 21:34:47 GMT+0100 (Central European Standard Time)","service":"user-service"}
{"level":"request","message":"GET request made to /application-form at Wed Mar 08 2023 21:34:47 GMT+0100 (Central European Standard Time)","service":"user-service"}
{"level":"query","message":"Executing query: [object Object] with parameters: [object Object] at Wed Mar 08 2023 21:34:47 GMT+0100 (Central European Standard Time)","service":"user-service"}
{"level":"request","message":"POST request made to /application-form at Wed Mar 08 2023 21:35:11 GMT+0100 (Central European Standard Time)","service":"user-service"}
{"level":"query","message":"Executing query: [object Object] with parameters: [object Object] at Wed Mar 08 2023 21:35:11 GMT+0100 (Central European Standard Time)","service":"user-service"}
{"level":"error","message":"An error occurred: Error: Competence profile already exists at Wed Mar 08 2023 21:35:11 GMT+0100 (Central European Standard Time)","service":"user-service"}
{"level":"request","message":"GET request made to /application-form at Wed Mar 08 2023 21:35:11 GMT+0100 (Central European Standard Time)","service":"user-service"}
{"level":"query","message":"Executing query: [object Object] with parameters: [object Object] at Wed Mar 08 2023 21:35:11 GMT+0100 (Central European Standard Time)","service":"user-service"}
{"level":"request","message":"POST request made to /application-form at Wed Mar 08 2023 21:36:02 GMT+0100 (Central European Standard Time)","service":"user-service"}
{"level":"query","message":"Executing query: [object Object] with parameters: [object Object] at Wed Mar 08 2023 21:36:02 GMT+0100 (Central European Standard Time)","service":"user-service"}
{"level":"error","message":"An error occurred: Error: Competence profile already exists at Wed Mar 08 2023 21:36:02 GMT+0100 (Central European Standard Time)","service":"user-service"}
{"level":"request","message":"GET request made to /application-form at Wed Mar 08 2023 21:36:02 GMT+0100 (Central European Standard Time)","service":"user-service"}
{"level":"query","message":"Executing query: [object Object] with parameters: [object Object] at Wed Mar 08 2023 21:36:02 GMT+0100 (Central European Standard Time)","service":"user-service"}
{"level":"request","message":"POST request made to /application-form at Wed Mar 08 2023 21:36:50 GMT+0100 (Central European Standard Time)","service":"user-service"}
{"level":"query","message":"Executing query: [object Object] with parameters: [object Object] at Wed Mar 08 2023 21:36:50 GMT+0100 (Central European Standard Time)","service":"user-service"}
{"level":"error","message":"An error occurred: Error: Competence profile already exists at Wed Mar 08 2023 21:36:50 GMT+0100 (Central European Standard Time)","service":"user-service"}
{"level":"request","message":"GET request made to /application-form at Wed Mar 08 2023 21:36:50 GMT+0100 (Central European Standard Time)","service":"user-service"}
{"level":"query","message":"Executing query: [object Object] with parameters: [object Object] at Wed Mar 08 2023 21:36:50 GMT+0100 (Central European Standard Time)","service":"user-service"}
{"level":"request","message":"POST request made to /application-form at Wed Mar 08 2023 21:37:31 GMT+0100 (Central European Standard Time)","service":"user-service"}
{"level":"query","message":"Executing query: [object Object] with parameters: [object Object] at Wed Mar 08 2023 21:37:31 GMT+0100 (Central European Standard Time)","service":"user-service"}
{"level":"request","message":"GET request made to /application-sent at Wed Mar 08 2023 21:37:31 GMT+0100 (Central European Standard Time)","service":"user-service"}
{"level":"query","message":"Executing query: [object Object] with parameters: [object Object] at Wed Mar 08 2023 21:37:31 GMT+0100 (Central European Standard Time)","service":"user-service"}
{"level":"request","message":"POST request made to /application-form at Wed Mar 08 2023 21:37:43 GMT+0100 (Central European Standard Time)","service":"user-service"}
{"level":"query","message":"Executing query: [object Object] with parameters: [object Object] at Wed Mar 08 2023 21:37:43 GMT+0100 (Central European Standard Time)","service":"user-service"}
{"level":"error","message":"An error occurred: Error: Competence profile already exists at Wed Mar 08 2023 21:37:43 GMT+0100 (Central European Standard Time)","service":"user-service"}
{"level":"request","message":"GET request made to /application-form at Wed Mar 08 2023 21:37:43 GMT+0100 (Central European Standard Time)","service":"user-service"}
{"level":"query","message":"Executing query: [object Object] with parameters: [object Object] at Wed Mar 08 2023 21:37:43 GMT+0100 (Central European Standard Time)","service":"user-service"}
{"level":"request","message":"GET request made to /login at Fri Mar 10 2023 09:07:10 GMT+0100 (Central European Standard Time)","service":"user-service"}
{"level":"query","message":"Executing query: [object Object] with parameters: [object Object] at Fri Mar 10 2023 09:07:10 GMT+0100 (Central European Standard Time)","service":"user-service"}
{"level":"error","message":"An error occurred: Error: ConnectionManager.getConnection was called after the connection manager was closed! at Fri Mar 10 2023 09:07:31 GMT+0100 (Central European Standard Time)","service":"user-service"}
{"level":"error","message":"An error occurred: Error: ConnectionManager.getConnection was called after the connection manager was closed! at Fri Mar 10 2023 09:07:31 GMT+0100 (Central European Standard Time)","service":"user-service"}
{"level":"request","message":"GET request made to /login at Fri Mar 10 2023 09:07:45 GMT+0100 (Central European Standard Time)","service":"user-service"}
{"level":"query","message":"Executing query: [object Object] with parameters: [object Object] at Fri Mar 10 2023 09:07:45 GMT+0100 (Central European Standard Time)","service":"user-service"}
{"level":"request","message":"POST request made to /login at Fri Mar 10 2023 09:08:00 GMT+0100 (Central European Standard Time)","service":"user-service"}
{"level":"query","message":"Executing query: [object Object] with parameters: [object Object] at Fri Mar 10 2023 09:08:00 GMT+0100 (Central European Standard Time)","service":"user-service"}
{"level":"request","message":"GET request made to /application-form at Fri Mar 10 2023 09:08:00 GMT+0100 (Central European Standard Time)","service":"user-service"}
{"level":"query","message":"Executing query: [object Object] with parameters: [object Object] at Fri Mar 10 2023 09:08:00 GMT+0100 (Central European Standard Time)","service":"user-service"}
{"level":"request","message":"GET request made to /logout? at Fri Mar 10 2023 09:08:02 GMT+0100 (Central European Standard Time)","service":"user-service"}
{"level":"query","message":"Executing query: [object Object] with parameters: [object Object] at Fri Mar 10 2023 09:08:02 GMT+0100 (Central European Standard Time)","service":"user-service"}
{"level":"request","message":"GET request made to /login at Fri Mar 10 2023 09:08:02 GMT+0100 (Central European Standard Time)","service":"user-service"}
{"level":"query","message":"Executing query: [object Object] with parameters: [object Object] at Fri Mar 10 2023 09:08:02 GMT+0100 (Central European Standard Time)","service":"user-service"}
