{"level":"request","message":"GET request made to /forgotten-password-part2 at Tue Mar 07 2023 13:42:07 GMT+0100 (Central European Standard Time)","service":"user-service"}
{"level":"request","message":"GET request made to /forgotten-password-part2 at Tue Mar 07 2023 13:42:08 GMT+0100 (Central European Standard Time)","service":"user-service"}
{"level":"request","message":"GET request made to /login at Tue Mar 07 2023 13:42:10 GMT+0100 (Central European Standard Time)","service":"user-service"}
{"level":"request","message":"GET request made to /login at Tue Mar 07 2023 13:42:11 GMT+0100 (Central European Standard Time)","service":"user-service"}
{"level":"request","message":"GET request made to /forgotten-password-part1?language=english at Tue Mar 07 2023 13:42:14 GMT+0100 (Central European Standard Time)","service":"user-service"}
{"level":"request","message":"POST request made to /forgotten-password-part1?language=english at Tue Mar 07 2023 13:42:22 GMT+0100 (Central European Standard Time)","service":"user-service"}
{"level":"fake_email","message":"\n        An email has been sent to your registered email address with further instructions to reset your password. \n        Please check your inbox and follow the instructions. If you don't receive an email within a few minutes, \n        please check your spam folder. Your one-time verification code is:  sZcPMx. \n        This code will expire in 10 minutes. Thank you for using our service.\n\n        Date: Tue Mar 07 2023 13:42:22 GMT+0100 (Central European Standard Time)","service":"user-service"}
{"level":"request","message":"GET request made to /forgotten-password-part2 at Tue Mar 07 2023 13:42:22 GMT+0100 (Central European Standard Time)","service":"user-service"}
{"level":"request","message":"GET request made to /login at Tue Mar 07 2023 13:55:09 GMT+0100 (Central European Standard Time)","service":"user-service"}
{"level":"request","message":"POST request made to /login at Tue Mar 07 2023 13:55:12 GMT+0100 (Central European Standard Time)","service":"user-service"}
{"level":"request","message":"GET request made to /login at Tue Mar 07 2023 13:55:12 GMT+0100 (Central European Standard Time)","service":"user-service"}
{"level":"request","message":"GET request made to /register?language=english at Tue Mar 07 2023 13:55:15 GMT+0100 (Central European Standard Time)","service":"user-service"}
{"level":"request","message":"POST request made to /register?language=english at Tue Mar 07 2023 13:55:25 GMT+0100 (Central European Standard Time)","service":"user-service"}
{"level":"request","message":"GET request made to /register at Tue Mar 07 2023 13:55:25 GMT+0100 (Central European Standard Time)","service":"user-service"}
{"level":"request","message":"POST request made to /register at Tue Mar 07 2023 13:56:02 GMT+0100 (Central European Standard Time)","service":"user-service"}
{"level":"request","message":"GET request made to /register at Tue Mar 07 2023 13:56:03 GMT+0100 (Central European Standard Time)","service":"user-service"}
{"level":"request","message":"POST request made to /register at Tue Mar 07 2023 13:57:00 GMT+0100 (Central European Standard Time)","service":"user-service"}
{"level":"request","message":"GET request made to /register at Tue Mar 07 2023 13:57:00 GMT+0100 (Central European Standard Time)","service":"user-service"}
{"level":"request","message":"GET request made to /register at Tue Mar 07 2023 13:57:09 GMT+0100 (Central European Standard Time)","service":"user-service"}
{"level":"warn","message":"Too many login attempts from IP address ::1 at Tue Mar 07 2023 13:57:09 GMT+0100 (Central European Standard Time)","service":"user-service"}
{"level":"request","message":"POST request made to /register at Tue Mar 07 2023 13:57:46 GMT+0100 (Central European Standard Time)","service":"user-service"}
{"level":"warn","message":"Too many login attempts from IP address ::1 at Tue Mar 07 2023 13:57:46 GMT+0100 (Central European Standard Time)","service":"user-service"}
{"level":"request","message":"GET request made to /login at Tue Mar 07 2023 13:57:46 GMT+0100 (Central European Standard Time)","service":"user-service"}
{"level":"warn","message":"Too many login attempts from IP address ::1 at Tue Mar 07 2023 13:57:46 GMT+0100 (Central European Standard Time)","service":"user-service"}
{"level":"request","message":"GET request made to /register?language=english at Tue Mar 07 2023 13:59:11 GMT+0100 (Central European Standard Time)","service":"user-service"}
{"level":"warn","message":"Too many login attempts from IP address ::1 at Tue Mar 07 2023 13:59:11 GMT+0100 (Central European Standard Time)","service":"user-service"}
{"level":"request","message":"GET request made to /login?language=english at Tue Mar 07 2023 13:59:14 GMT+0100 (Central European Standard Time)","service":"user-service"}
{"level":"warn","message":"Too many login attempts from IP address ::1 at Tue Mar 07 2023 13:59:14 GMT+0100 (Central European Standard Time)","service":"user-service"}
{"level":"request","message":"GET request made to /forgotten-password-part1?language=english at Tue Mar 07 2023 13:59:16 GMT+0100 (Central European Standard Time)","service":"user-service"}
{"level":"warn","message":"Too many login attempts from IP address ::1 at Tue Mar 07 2023 13:59:16 GMT+0100 (Central European Standard Time)","service":"user-service"}
{"level":"request","message":"POST request made to /forgotten-password-part1?language=english at Tue Mar 07 2023 13:59:55 GMT+0100 (Central European Standard Time)","service":"user-service"}
{"level":"warn","message":"Too many login attempts from IP address ::1 at Tue Mar 07 2023 13:59:55 GMT+0100 (Central European Standard Time)","service":"user-service"}
{"level":"fake_email","message":"\n        An email has been sent to your registered email address with further instructions to reset your password. \n        Please check your inbox and follow the instructions. If you don't receive an email within a few minutes, \n        please check your spam folder. Your one-time verification code is:  0Er04S. \n        This code will expire in 10 minutes. Thank you for using our service.\n\n        Date: Tue Mar 07 2023 13:59:55 GMT+0100 (Central European Standard Time)","service":"user-service"}
{"level":"request","message":"GET request made to /forgotten-password-part2 at Tue Mar 07 2023 13:59:55 GMT+0100 (Central European Standard Time)","service":"user-service"}
{"level":"warn","message":"Too many login attempts from IP address ::1 at Tue Mar 07 2023 13:59:55 GMT+0100 (Central European Standard Time)","service":"user-service"}
{"level":"request","message":"GET request made to /login at Tue Mar 07 2023 14:02:04 GMT+0100 (Central European Standard Time)","service":"user-service"}
{"level":"warn","message":"Too many login attempts from IP address ::1 at Tue Mar 07 2023 14:02:04 GMT+0100 (Central European Standard Time)","service":"user-service"}
{"level":"request","message":"GET request made to /register?language=english at Tue Mar 07 2023 14:02:06 GMT+0100 (Central European Standard Time)","service":"user-service"}
{"level":"warn","message":"Too many login attempts from IP address ::1 at Tue Mar 07 2023 14:02:06 GMT+0100 (Central European Standard Time)","service":"user-service"}
{"level":"request","message":"POST request made to /register?language=english at Tue Mar 07 2023 14:02:38 GMT+0100 (Central European Standard Time)","service":"user-service"}
{"level":"warn","message":"Too many login attempts from IP address ::1 at Tue Mar 07 2023 14:02:38 GMT+0100 (Central European Standard Time)","service":"user-service"}
{"level":"request","message":"GET request made to /register at Tue Mar 07 2023 14:02:38 GMT+0100 (Central European Standard Time)","service":"user-service"}
{"level":"warn","message":"Too many login attempts from IP address ::1 at Tue Mar 07 2023 14:02:38 GMT+0100 (Central European Standard Time)","service":"user-service"}
{"level":"request","message":"POST request made to /register at Tue Mar 07 2023 14:03:07 GMT+0100 (Central European Standard Time)","service":"user-service"}
{"level":"warn","message":"Too many login attempts from IP address ::1 at Tue Mar 07 2023 14:03:07 GMT+0100 (Central European Standard Time)","service":"user-service"}
{"level":"request","message":"GET request made to /login at Tue Mar 07 2023 14:03:07 GMT+0100 (Central European Standard Time)","service":"user-service"}
{"level":"warn","message":"Too many login attempts from IP address ::1 at Tue Mar 07 2023 14:03:07 GMT+0100 (Central European Standard Time)","service":"user-service"}
{"level":"request","message":"POST request made to /login at Tue Mar 07 2023 14:03:11 GMT+0100 (Central European Standard Time)","service":"user-service"}
{"level":"warn","message":"Too many login attempts from IP address ::1 at Tue Mar 07 2023 14:03:11 GMT+0100 (Central European Standard Time)","service":"user-service"}
{"level":"request","message":"GET request made to /application-form at Tue Mar 07 2023 14:03:11 GMT+0100 (Central European Standard Time)","service":"user-service"}
{"level":"error","message":"An error occurred: Error: /Users/murtadha/Library/Mobile Documents/com~apple~CloudDocs/Murtadha/SKOLAN/KTH2020 Ingenjör /KTH Högskoleingenjörsdatateknik, Kista/GitMurtadha/KTH-IV1201-Recruitment-Application/views/application-form.ejs:12\n    10| \n    11| <body>\n >> 12|   <%- include('./partials/navbar.header.ejs') %>\n    13| \n    14|   <p style=\"font-size: large; color: red; display: flex; justify-content: center;\"><%= error %></p>\n    15|   <p style=\"font-size: large; color: green; display: flex; justify-content: center;\"><%= success %></p>\n\nCould not find the include file \"./partials/navbar.header.ejs\" at Tue Mar 07 2023 14:03:11 GMT+0100 (Central European Standard Time)","service":"user-service"}
{"level":"request","message":"GET request made to /register?language=english at Tue Mar 07 2023 14:03:32 GMT+0100 (Central European Standard Time)","service":"user-service"}
{"level":"warn","message":"Too many login attempts from IP address ::1 at Tue Mar 07 2023 14:03:32 GMT+0100 (Central European Standard Time)","service":"user-service"}
{"level":"request","message":"POST request made to /register?language=english at Tue Mar 07 2023 14:03:58 GMT+0100 (Central European Standard Time)","service":"user-service"}
{"level":"warn","message":"Too many login attempts from IP address ::1 at Tue Mar 07 2023 14:03:58 GMT+0100 (Central European Standard Time)","service":"user-service"}
{"level":"request","message":"GET request made to /login at Tue Mar 07 2023 14:03:58 GMT+0100 (Central European Standard Time)","service":"user-service"}
{"level":"warn","message":"Too many login attempts from IP address ::1 at Tue Mar 07 2023 14:03:58 GMT+0100 (Central European Standard Time)","service":"user-service"}
{"level":"request","message":"GET request made to /login at Tue Mar 07 2023 14:11:16 GMT+0100 (Central European Standard Time)","service":"user-service"}
{"level":"request","message":"GET request made to /register?language=english at Tue Mar 07 2023 14:11:19 GMT+0100 (Central European Standard Time)","service":"user-service"}
{"level":"request","message":"GET request made to /forgotten-password-part1?language=english at Tue Mar 07 2023 14:11:30 GMT+0100 (Central European Standard Time)","service":"user-service"}
{"level":"request","message":"POST request made to /forgotten-password-part1?language=english at Tue Mar 07 2023 14:11:44 GMT+0100 (Central European Standard Time)","service":"user-service"}
{"level":"fake_email","message":"\n        An email has been sent to your registered email address with further instructions to reset your password. \n        Please check your inbox and follow the instructions. If you don't receive an email within a few minutes, \n        please check your spam folder. Your one-time verification code is:  jRrnuQ. \n        This code will expire in 10 minutes. Thank you for using our service.\n\n        Date: Tue Mar 07 2023 14:11:44 GMT+0100 (Central European Standard Time)","service":"user-service"}
{"level":"request","message":"GET request made to /forgotten-password-part2 at Tue Mar 07 2023 14:11:44 GMT+0100 (Central European Standard Time)","service":"user-service"}
{"level":"request","message":"POST request made to /login at Tue Mar 07 2023 14:13:10 GMT+0100 (Central European Standard Time)","service":"user-service"}
{"level":"error","message":"An error occurred: Error: Password does not match. at Tue Mar 07 2023 14:13:10 GMT+0100 (Central European Standard Time)","service":"user-service"}
{"level":"request","message":"GET request made to /login at Tue Mar 07 2023 14:13:10 GMT+0100 (Central European Standard Time)","service":"user-service"}
{"level":"request","message":"POST request made to /login at Tue Mar 07 2023 14:13:13 GMT+0100 (Central European Standard Time)","service":"user-service"}
{"level":"request","message":"GET request made to /login at Tue Mar 07 2023 14:13:13 GMT+0100 (Central European Standard Time)","service":"user-service"}
{"level":"request","message":"POST request made to /login at Tue Mar 07 2023 14:13:30 GMT+0100 (Central European Standard Time)","service":"user-service"}
{"level":"request","message":"GET request made to /login at Tue Mar 07 2023 14:13:30 GMT+0100 (Central European Standard Time)","service":"user-service"}
{"level":"warn","message":"Too many login attempts from IP address ::1 at Tue Mar 07 2023 14:13:30 GMT+0100 (Central European Standard Time)","service":"user-service"}
{"level":"request","message":"GET request made to /forgotten-password-part1?language=english at Tue Mar 07 2023 14:14:17 GMT+0100 (Central European Standard Time)","service":"user-service"}
{"level":"warn","message":"Too many login attempts from IP address ::1 at Tue Mar 07 2023 14:14:17 GMT+0100 (Central European Standard Time)","service":"user-service"}
{"level":"request","message":"POST request made to /forgotten-password-part1?language=english at Tue Mar 07 2023 14:14:29 GMT+0100 (Central European Standard Time)","service":"user-service"}
{"level":"warn","message":"Too many login attempts from IP address ::1 at Tue Mar 07 2023 14:14:29 GMT+0100 (Central European Standard Time)","service":"user-service"}
{"level":"fake_email","message":"\n        An email has been sent to your registered email address with further instructions to reset your password. \n        Please check your inbox and follow the instructions. If you don't receive an email within a few minutes, \n        please check your spam folder. Your one-time verification code is:  f1a3bZ. \n        This code will expire in 10 minutes. Thank you for using our service.\n\n        Date: Tue Mar 07 2023 14:14:29 GMT+0100 (Central European Standard Time)","service":"user-service"}
{"level":"request","message":"GET request made to /forgotten-password-part2 at Tue Mar 07 2023 14:14:29 GMT+0100 (Central European Standard Time)","service":"user-service"}
{"level":"warn","message":"Too many login attempts from IP address ::1 at Tue Mar 07 2023 14:14:29 GMT+0100 (Central European Standard Time)","service":"user-service"}
{"level":"request","message":"GET request made to /forgotten-password-part1?language=english at Tue Mar 07 2023 14:15:13 GMT+0100 (Central European Standard Time)","service":"user-service"}
{"level":"request","message":"POST request made to /forgotten-password-part1?language=english at Tue Mar 07 2023 14:15:21 GMT+0100 (Central European Standard Time)","service":"user-service"}
{"level":"fake_email","message":"\n        An email has been sent to your registered email address with further instructions to reset your password. \n        Please check your inbox and follow the instructions. If you don't receive an email within a few minutes, \n        please check your spam folder. Your one-time verification code is:  yn3a61. \n        This code will expire in 10 minutes. Thank you for using our service.\n\n        Date: Tue Mar 07 2023 14:15:21 GMT+0100 (Central European Standard Time)","service":"user-service"}
{"level":"request","message":"GET request made to /forgotten-password-part2 at Tue Mar 07 2023 14:15:21 GMT+0100 (Central European Standard Time)","service":"user-service"}
{"level":"request","message":"GET request made to /login at Tue Mar 07 2023 14:15:42 GMT+0100 (Central European Standard Time)","service":"user-service"}
{"level":"request","message":"GET request made to /forgotten-password-part1?language=english at Tue Mar 07 2023 14:16:01 GMT+0100 (Central European Standard Time)","service":"user-service"}
{"level":"request","message":"POST request made to /forgotten-password-part1?language=english at Tue Mar 07 2023 14:16:09 GMT+0100 (Central European Standard Time)","service":"user-service"}
{"level":"fake_email","message":"\n        An email has been sent to your registered email address with further instructions to reset your password. \n        Please check your inbox and follow the instructions. If you don't receive an email within a few minutes, \n        please check your spam folder. Your one-time verification code is:  INiYld. \n        This code will expire in 10 minutes. Thank you for using our service.\n\n        Date: Tue Mar 07 2023 14:16:09 GMT+0100 (Central European Standard Time)","service":"user-service"}
{"level":"request","message":"POST request made to /forgotten-password-part1?language=english at Tue Mar 07 2023 14:16:26 GMT+0100 (Central European Standard Time)","service":"user-service"}
{"level":"fake_email","message":"\n        An email has been sent to your registered email address with further instructions to reset your password. \n        Please check your inbox and follow the instructions. If you don't receive an email within a few minutes, \n        please check your spam folder. Your one-time verification code is:  aAB7zs. \n        This code will expire in 10 minutes. Thank you for using our service.\n\n        Date: Tue Mar 07 2023 14:16:26 GMT+0100 (Central European Standard Time)","service":"user-service"}
{"level":"request","message":"GET request made to /forgotten-password-part2 at Tue Mar 07 2023 14:16:26 GMT+0100 (Central European Standard Time)","service":"user-service"}
{"level":"request","message":"GET request made to /login at Tue Mar 07 2023 14:20:59 GMT+0100 (Central European Standard Time)","service":"user-service"}
{"level":"request","message":"GET request made to /forgotten-password-part1?language=english at Tue Mar 07 2023 14:21:01 GMT+0100 (Central European Standard Time)","service":"user-service"}
{"level":"request","message":"POST request made to /forgotten-password-part1?language=english at Tue Mar 07 2023 14:21:03 GMT+0100 (Central European Standard Time)","service":"user-service"}
{"level":"request","message":"GET request made to /forgotten-password-part1 at Tue Mar 07 2023 14:21:03 GMT+0100 (Central European Standard Time)","service":"user-service"}
{"level":"request","message":"POST request made to /forgotten-password-part1 at Tue Mar 07 2023 14:21:12 GMT+0100 (Central European Standard Time)","service":"user-service"}
{"level":"fake_email","message":"\n        An email has been sent to your registered email address with further instructions to reset your password. \n        Please check your inbox and follow the instructions. If you don't receive an email within a few minutes, \n        please check your spam folder. Your one-time verification code is:  WsRRzQ. \n        This code will expire in 10 minutes. Thank you for using our service.\n\n        Date: Tue Mar 07 2023 14:21:12 GMT+0100 (Central European Standard Time)","service":"user-service"}
{"level":"error","message":"An error occurred: Error: Failed to lookup view \"404\" in views directory \"/Users/murtadha/Library/Mobile Documents/com~apple~CloudDocs/Murtadha/SKOLAN/KTH2020 Ingenjör /KTH Högskoleingenjörsdatateknik, Kista/GitMurtadha/KTH-IV1201-Recruitment-Application/views\" at Tue Mar 07 2023 14:21:12 GMT+0100 (Central European Standard Time)","service":"user-service"}
{"level":"request","message":"POST request made to /forgotten-password-part1 at Tue Mar 07 2023 14:22:39 GMT+0100 (Central European Standard Time)","service":"user-service"}
{"level":"fake_email","message":"\n        An email has been sent to your registered email address with further instructions to reset your password. \n        Please check your inbox and follow the instructions. If you don't receive an email within a few minutes, \n        please check your spam folder. Your one-time verification code is:  D8JzFa. \n        This code will expire in 10 minutes. Thank you for using our service.\n\n        Date: Tue Mar 07 2023 14:22:39 GMT+0100 (Central European Standard Time)","service":"user-service"}
{"level":"request","message":"GET request made to /forgotten-password-part2 at Tue Mar 07 2023 14:22:39 GMT+0100 (Central European Standard Time)","service":"user-service"}
{"level":"request","message":"GET request made to /forgotten-password-part2 at Tue Mar 07 2023 14:26:25 GMT+0100 (Central European Standard Time)","service":"user-service"}
{"level":"request","message":"GET request made to /login at Tue Mar 07 2023 14:27:45 GMT+0100 (Central European Standard Time)","service":"user-service"}
{"level":"request","message":"GET request made to /forgotten-password-part1?language=english at Tue Mar 07 2023 14:27:47 GMT+0100 (Central European Standard Time)","service":"user-service"}
{"level":"request","message":"POST request made to /forgotten-password-part1?language=english at Tue Mar 07 2023 14:27:49 GMT+0100 (Central European Standard Time)","service":"user-service"}
{"level":"request","message":"GET request made to /forgotten-password-part1 at Tue Mar 07 2023 14:27:49 GMT+0100 (Central European Standard Time)","service":"user-service"}
{"level":"request","message":"POST request made to /forgotten-password-part1 at Tue Mar 07 2023 14:27:57 GMT+0100 (Central European Standard Time)","service":"user-service"}
{"level":"error","message":"An error occurred: Error: Failed to lookup view \"/auth/forgotten-password-part2\" in views directory \"/Users/murtadha/Library/Mobile Documents/com~apple~CloudDocs/Murtadha/SKOLAN/KTH2020 Ingenjör /KTH Högskoleingenjörsdatateknik, Kista/GitMurtadha/KTH-IV1201-Recruitment-Application/views\" at Tue Mar 07 2023 14:27:57 GMT+0100 (Central European Standard Time)","service":"user-service"}
{"level":"fake_email","message":"\n        An email has been sent to your registered email address with further instructions to reset your password. \n        Please check your inbox and follow the instructions. If you don't receive an email within a few minutes, \n        please check your spam folder. Your one-time verification code is:  EnTh9m. \n        This code will expire in 10 minutes. Thank you for using our service.\n\n        Date: Tue Mar 07 2023 14:27:57 GMT+0100 (Central European Standard Time)","service":"user-service"}
{"level":"request","message":"POST request made to /forgotten-password-part1 at Tue Mar 07 2023 14:29:03 GMT+0100 (Central European Standard Time)","service":"user-service"}
{"level":"error","message":"An error occurred: Error: Failed to lookup view \"./views/forgotten-password-part2.ejs\" in views directory \"/Users/murtadha/Library/Mobile Documents/com~apple~CloudDocs/Murtadha/SKOLAN/KTH2020 Ingenjör /KTH Högskoleingenjörsdatateknik, Kista/GitMurtadha/KTH-IV1201-Recruitment-Application/views\" at Tue Mar 07 2023 14:29:03 GMT+0100 (Central European Standard Time)","service":"user-service"}
{"level":"fake_email","message":"\n        An email has been sent to your registered email address with further instructions to reset your password. \n        Please check your inbox and follow the instructions. If you don't receive an email within a few minutes, \n        please check your spam folder. Your one-time verification code is:  X0bkKc. \n        This code will expire in 10 minutes. Thank you for using our service.\n\n        Date: Tue Mar 07 2023 14:29:03 GMT+0100 (Central European Standard Time)","service":"user-service"}
{"level":"request","message":"POST request made to /forgotten-password-part1 at Tue Mar 07 2023 14:29:06 GMT+0100 (Central European Standard Time)","service":"user-service"}
{"level":"error","message":"An error occurred: Error: Failed to lookup view \"./views/forgotten-password-part2.ejs\" in views directory \"/Users/murtadha/Library/Mobile Documents/com~apple~CloudDocs/Murtadha/SKOLAN/KTH2020 Ingenjör /KTH Högskoleingenjörsdatateknik, Kista/GitMurtadha/KTH-IV1201-Recruitment-Application/views\" at Tue Mar 07 2023 14:29:06 GMT+0100 (Central European Standard Time)","service":"user-service"}
{"level":"fake_email","message":"\n        An email has been sent to your registered email address with further instructions to reset your password. \n        Please check your inbox and follow the instructions. If you don't receive an email within a few minutes, \n        please check your spam folder. Your one-time verification code is:  7PUDWR. \n        This code will expire in 10 minutes. Thank you for using our service.\n\n        Date: Tue Mar 07 2023 14:29:06 GMT+0100 (Central European Standard Time)","service":"user-service"}
{"level":"request","message":"POST request made to /forgotten-password-part1 at Tue Mar 07 2023 14:29:19 GMT+0100 (Central European Standard Time)","service":"user-service"}
{"level":"error","message":"An error occurred: ReferenceError: /Users/murtadha/Library/Mobile Documents/com~apple~CloudDocs/Murtadha/SKOLAN/KTH2020 Ingenjör /KTH Högskoleingenjörsdatateknik, Kista/GitMurtadha/KTH-IV1201-Recruitment-Application/views/forgotten-password-part2.ejs:9\n    7|     </head>\n    8|     <body>\n >> 9|         <%- include('./partials/navbar.ejs') %>\n    10| \n    11|         <p style=\"font-size: large; color: red; display: flex; justify-content: center;\" ><%= error %></p>\n    12|         <p style=\"font-size: large; color: green; display: flex; justify-content: center;\" ><%= success %></p>\n\n/Users/murtadha/Library/Mobile Documents/com~apple~CloudDocs/Murtadha/SKOLAN/KTH2020 Ingenjör /KTH Högskoleingenjörsdatateknik, Kista/GitMurtadha/KTH-IV1201-Recruitment-Application/views/partials/navbar.ejs:17\n    15|   </div>\n    16|   <div id=\"leftHeaderContainer\">\n >> 17|     <%if(cookie !== null) { %>\n    18|       <form id=\"logoutButtonBox\" action=\"/auth/logout\">\n    19|           <button id=\"logoutButton\" type=\"submit\"><%= language['SIGN_OUT_NAVBAR'] %></button>\n    20|       </form>\n\ncookie is not defined at Tue Mar 07 2023 14:29:19 GMT+0100 (Central European Standard Time)","service":"user-service"}
{"level":"fake_email","message":"\n        An email has been sent to your registered email address with further instructions to reset your password. \n        Please check your inbox and follow the instructions. If you don't receive an email within a few minutes, \n        please check your spam folder. Your one-time verification code is:  ADcftN. \n        This code will expire in 10 minutes. Thank you for using our service.\n\n        Date: Tue Mar 07 2023 14:29:19 GMT+0100 (Central European Standard Time)","service":"user-service"}
{"level":"request","message":"GET request made to /login at Tue Mar 07 2023 14:29:38 GMT+0100 (Central European Standard Time)","service":"user-service"}
{"level":"request","message":"GET request made to /login at Tue Mar 07 2023 14:29:38 GMT+0100 (Central European Standard Time)","service":"user-service"}
{"level":"request","message":"GET request made to /forgotten-password-part1?language=english at Tue Mar 07 2023 14:29:40 GMT+0100 (Central European Standard Time)","service":"user-service"}
{"level":"request","message":"POST request made to /forgotten-password-part1?language=english at Tue Mar 07 2023 14:29:46 GMT+0100 (Central European Standard Time)","service":"user-service"}
{"level":"error","message":"An error occurred: ReferenceError: /Users/murtadha/Library/Mobile Documents/com~apple~CloudDocs/Murtadha/SKOLAN/KTH2020 Ingenjör /KTH Högskoleingenjörsdatateknik, Kista/GitMurtadha/KTH-IV1201-Recruitment-Application/views/forgotten-password-part2.ejs:9\n    7|     </head>\n    8|     <body>\n >> 9|         <%- include('./partials/navbar.ejs') %>\n    10| \n    11|         <p style=\"font-size: large; color: red; display: flex; justify-content: center;\" ><%= error %></p>\n    12|         <p style=\"font-size: large; color: green; display: flex; justify-content: center;\" ><%= success %></p>\n\n/Users/murtadha/Library/Mobile Documents/com~apple~CloudDocs/Murtadha/SKOLAN/KTH2020 Ingenjör /KTH Högskoleingenjörsdatateknik, Kista/GitMurtadha/KTH-IV1201-Recruitment-Application/views/partials/navbar.ejs:17\n    15|   </div>\n    16|   <div id=\"leftHeaderContainer\">\n >> 17|     <%if(cookie !== null) { %>\n    18|       <form id=\"logoutButtonBox\" action=\"/auth/logout\">\n    19|           <button id=\"logoutButton\" type=\"submit\"><%= language['SIGN_OUT_NAVBAR'] %></button>\n    20|       </form>\n\ncookie is not defined at Tue Mar 07 2023 14:29:47 GMT+0100 (Central European Standard Time)","service":"user-service"}
{"level":"fake_email","message":"\n        An email has been sent to your registered email address with further instructions to reset your password. \n        Please check your inbox and follow the instructions. If you don't receive an email within a few minutes, \n        please check your spam folder. Your one-time verification code is:  AZ3JjR. \n        This code will expire in 10 minutes. Thank you for using our service.\n\n        Date: Tue Mar 07 2023 14:29:47 GMT+0100 (Central European Standard Time)","service":"user-service"}
{"level":"request","message":"POST request made to /forgotten-password-part1?language=english at Tue Mar 07 2023 14:30:09 GMT+0100 (Central European Standard Time)","service":"user-service"}
{"level":"fake_email","message":"\n        An email has been sent to your registered email address with further instructions to reset your password. \n        Please check your inbox and follow the instructions. If you don't receive an email within a few minutes, \n        please check your spam folder. Your one-time verification code is:  cjgoOx. \n        This code will expire in 10 minutes. Thank you for using our service.\n\n        Date: Tue Mar 07 2023 14:30:09 GMT+0100 (Central European Standard Time)","service":"user-service"}
{"level":"request","message":"GET request made to /forgotten-password-part2 at Tue Mar 07 2023 14:30:09 GMT+0100 (Central European Standard Time)","service":"user-service"}
{"level":"request","message":"GET request made to /login at Tue Mar 07 2023 14:30:55 GMT+0100 (Central European Standard Time)","service":"user-service"}
{"level":"request","message":"GET request made to /forgotten-password-part1?language=english at Tue Mar 07 2023 14:30:57 GMT+0100 (Central European Standard Time)","service":"user-service"}
{"level":"error","message":"An error occurred: Error [ERR_HTTP_HEADERS_SENT]: Cannot set headers after they are sent to the client at Tue Mar 07 2023 14:30:57 GMT+0100 (Central European Standard Time)","service":"user-service"}
{"level":"request","message":"GET request made to /forgotten-password-part2 at Tue Mar 07 2023 14:30:57 GMT+0100 (Central European Standard Time)","service":"user-service"}
{"level":"request","message":"GET request made to /login at Tue Mar 07 2023 14:31:44 GMT+0100 (Central European Standard Time)","service":"user-service"}
{"level":"request","message":"GET request made to /forgotten-password-part1?language=english at Tue Mar 07 2023 14:31:46 GMT+0100 (Central European Standard Time)","service":"user-service"}
{"level":"request","message":"POST request made to /forgotten-password-part1?language=english at Tue Mar 07 2023 14:31:51 GMT+0100 (Central European Standard Time)","service":"user-service"}
{"level":"fake_email","message":"\n        An email has been sent to your registered email address with further instructions to reset your password. \n        Please check your inbox and follow the instructions. If you don't receive an email within a few minutes, \n        please check your spam folder. Your one-time verification code is:  kEyf1e. \n        This code will expire in 10 minutes. Thank you for using our service.\n\n        Date: Tue Mar 07 2023 14:31:51 GMT+0100 (Central European Standard Time)","service":"user-service"}
{"level":"error","message":"An error occurred: Error: Failed to lookup view \"404\" in views directory \"/Users/murtadha/Library/Mobile Documents/com~apple~CloudDocs/Murtadha/SKOLAN/KTH2020 Ingenjör /KTH Högskoleingenjörsdatateknik, Kista/GitMurtadha/KTH-IV1201-Recruitment-Application/views\" at Tue Mar 07 2023 14:31:51 GMT+0100 (Central European Standard Time)","service":"user-service"}
{"level":"request","message":"GET request made to /forgotten-password-part1?language=english at Tue Mar 07 2023 14:32:00 GMT+0100 (Central European Standard Time)","service":"user-service"}
{"level":"request","message":"POST request made to /forgotten-password-part1?language=english at Tue Mar 07 2023 14:32:02 GMT+0100 (Central European Standard Time)","service":"user-service"}
{"level":"fake_email","message":"\n        An email has been sent to your registered email address with further instructions to reset your password. \n        Please check your inbox and follow the instructions. If you don't receive an email within a few minutes, \n        please check your spam folder. Your one-time verification code is:  WQuYw3. \n        This code will expire in 10 minutes. Thank you for using our service.\n\n        Date: Tue Mar 07 2023 14:32:02 GMT+0100 (Central European Standard Time)","service":"user-service"}
{"level":"request","message":"GET request made to /forgotten-password-part2 at Tue Mar 07 2023 14:32:02 GMT+0100 (Central European Standard Time)","service":"user-service"}
{"level":"request","message":"GET request made to /forgotten-password-part1?language=english at Tue Mar 07 2023 14:32:08 GMT+0100 (Central European Standard Time)","service":"user-service"}
{"level":"request","message":"POST request made to /forgotten-password-part1?language=english at Tue Mar 07 2023 14:32:09 GMT+0100 (Central European Standard Time)","service":"user-service"}
{"level":"fake_email","message":"\n        An email has been sent to your registered email address with further instructions to reset your password. \n        Please check your inbox and follow the instructions. If you don't receive an email within a few minutes, \n        please check your spam folder. Your one-time verification code is:  8yDBf6. \n        This code will expire in 10 minutes. Thank you for using our service.\n\n        Date: Tue Mar 07 2023 14:32:10 GMT+0100 (Central European Standard Time)","service":"user-service"}
{"level":"request","message":"GET request made to /forgotten-password-part2 at Tue Mar 07 2023 14:32:10 GMT+0100 (Central European Standard Time)","service":"user-service"}
{"level":"request","message":"GET request made to /forgotten-password-part1?language=english at Tue Mar 07 2023 14:32:43 GMT+0100 (Central European Standard Time)","service":"user-service"}
{"level":"request","message":"GET request made to /login at Tue Mar 07 2023 14:32:49 GMT+0100 (Central European Standard Time)","service":"user-service"}
{"level":"request","message":"GET request made to /forgotten-password-part1?language=english at Tue Mar 07 2023 14:32:51 GMT+0100 (Central European Standard Time)","service":"user-service"}
{"level":"request","message":"POST request made to /forgotten-password-part1?language=english at Tue Mar 07 2023 14:32:56 GMT+0100 (Central European Standard Time)","service":"user-service"}
{"level":"fake_email","message":"\n        An email has been sent to your registered email address with further instructions to reset your password. \n        Please check your inbox and follow the instructions. If you don't receive an email within a few minutes, \n        please check your spam folder. Your one-time verification code is:  uHVvLe. \n        This code will expire in 10 minutes. Thank you for using our service.\n\n        Date: Tue Mar 07 2023 14:32:56 GMT+0100 (Central European Standard Time)","service":"user-service"}
{"level":"request","message":"GET request made to /forgotten-password-part2 at Tue Mar 07 2023 14:32:56 GMT+0100 (Central European Standard Time)","service":"user-service"}
{"level":"request","message":"GET request made to /forgotten-password-part1?language=english at Tue Mar 07 2023 14:33:30 GMT+0100 (Central European Standard Time)","service":"user-service"}
{"level":"request","message":"POST request made to /forgotten-password-part1?language=english at Tue Mar 07 2023 14:33:32 GMT+0100 (Central European Standard Time)","service":"user-service"}
{"level":"fake_email","message":"\n        An email has been sent to your registered email address with further instructions to reset your password. \n        Please check your inbox and follow the instructions. If you don't receive an email within a few minutes, \n        please check your spam folder. Your one-time verification code is:  IzCG3y. \n        This code will expire in 10 minutes. Thank you for using our service.\n\n        Date: Tue Mar 07 2023 14:33:32 GMT+0100 (Central European Standard Time)","service":"user-service"}
{"level":"request","message":"GET request made to /forgotten-password-part2 at Tue Mar 07 2023 14:33:32 GMT+0100 (Central European Standard Time)","service":"user-service"}
{"level":"request","message":"GET request made to /login at Tue Mar 07 2023 16:23:33 GMT+0100 (Central European Standard Time)","service":"user-service"}
{"level":"request","message":"GET request made to /forgotten-password-part1?language=english at Tue Mar 07 2023 16:23:35 GMT+0100 (Central European Standard Time)","service":"user-service"}
{"level":"request","message":"POST request made to /forgotten-password-part1?language=english at Tue Mar 07 2023 16:23:37 GMT+0100 (Central European Standard Time)","service":"user-service"}
{"level":"fake_email","message":"\n        An email has been sent to your registered email address with further instructions to reset your password. \n        Please check your inbox and follow the instructions. If you don't receive an email within a few minutes, \n        please check your spam folder. Your one-time verification code is:  g8YNap. \n        This code will expire in 10 minutes. Thank you for using our service.\n\n        Date: Tue Mar 07 2023 16:23:37 GMT+0100 (Central European Standard Time)","service":"user-service"}
{"level":"request","message":"GET request made to /forgotten-password-part2 at Tue Mar 07 2023 16:23:37 GMT+0100 (Central European Standard Time)","service":"user-service"}
{"level":"request","message":"POST request made to /forgotten-password-part1?language=english at Tue Mar 07 2023 16:24:33 GMT+0100 (Central European Standard Time)","service":"user-service"}
{"level":"fake_email","message":"\n        An email has been sent to your registered email address with further instructions to reset your password. \n        Please check your inbox and follow the instructions. If you don't receive an email within a few minutes, \n        please check your spam folder. Your one-time verification code is:  zt8eo6. \n        This code will expire in 10 minutes. Thank you for using our service.\n\n        Date: Tue Mar 07 2023 16:24:33 GMT+0100 (Central European Standard Time)","service":"user-service"}
{"level":"request","message":"GET request made to /forgotten-password-part2 at Tue Mar 07 2023 16:24:33 GMT+0100 (Central European Standard Time)","service":"user-service"}
{"level":"request","message":"POST request made to /forgotten-password-part1?language=english at Tue Mar 07 2023 16:24:36 GMT+0100 (Central European Standard Time)","service":"user-service"}
{"level":"fake_email","message":"\n        An email has been sent to your registered email address with further instructions to reset your password. \n        Please check your inbox and follow the instructions. If you don't receive an email within a few minutes, \n        please check your spam folder. Your one-time verification code is:  eqdgK5. \n        This code will expire in 10 minutes. Thank you for using our service.\n\n        Date: Tue Mar 07 2023 16:24:36 GMT+0100 (Central European Standard Time)","service":"user-service"}
{"level":"request","message":"GET request made to /forgotten-password-part2 at Tue Mar 07 2023 16:24:36 GMT+0100 (Central European Standard Time)","service":"user-service"}
{"level":"request","message":"GET request made to /login at Tue Mar 07 2023 16:25:25 GMT+0100 (Central European Standard Time)","service":"user-service"}
{"level":"request","message":"GET request made to /register?language=english at Tue Mar 07 2023 16:25:27 GMT+0100 (Central European Standard Time)","service":"user-service"}
{"level":"request","message":"POST request made to /register?language=english at Tue Mar 07 2023 16:25:47 GMT+0100 (Central European Standard Time)","service":"user-service"}
{"level":"request","message":"GET request made to /register at Tue Mar 07 2023 16:25:47 GMT+0100 (Central European Standard Time)","service":"user-service"}
{"level":"request","message":"GET request made to /register?language=english at Tue Mar 07 2023 16:25:55 GMT+0100 (Central European Standard Time)","service":"user-service"}
{"level":"request","message":"POST request made to /register?language=english at Tue Mar 07 2023 16:26:25 GMT+0100 (Central European Standard Time)","service":"user-service"}
{"level":"request","message":"GET request made to /login at Tue Mar 07 2023 16:26:25 GMT+0100 (Central European Standard Time)","service":"user-service"}
{"level":"request","message":"GET request made to /forgotten-password-part1?language=english at Tue Mar 07 2023 16:27:06 GMT+0100 (Central European Standard Time)","service":"user-service"}
{"level":"request","message":"POST request made to /forgotten-password-part1?language=english at Tue Mar 07 2023 16:27:12 GMT+0100 (Central European Standard Time)","service":"user-service"}
{"level":"warn","message":"Too many login attempts from IP address ::1 at Tue Mar 07 2023 16:27:12 GMT+0100 (Central European Standard Time)","service":"user-service"}
{"level":"fake_email","message":"\n        An email has been sent to your registered email address with further instructions to reset your password. \n        Please check your inbox and follow the instructions. If you don't receive an email within a few minutes, \n        please check your spam folder. Your one-time verification code is:  M0d7ZJ. \n        This code will expire in 10 minutes. Thank you for using our service.\n\n        Date: Tue Mar 07 2023 16:27:12 GMT+0100 (Central European Standard Time)","service":"user-service"}
{"level":"request","message":"GET request made to /forgotten-password-part2 at Tue Mar 07 2023 16:27:12 GMT+0100 (Central European Standard Time)","service":"user-service"}
{"level":"warn","message":"Too many login attempts from IP address ::1 at Tue Mar 07 2023 16:27:12 GMT+0100 (Central European Standard Time)","service":"user-service"}
{"level":"request","message":"GET request made to /login at Tue Mar 07 2023 16:30:32 GMT+0100 (Central European Standard Time)","service":"user-service"}
{"level":"warn","message":"Too many login attempts from IP address ::1 at Tue Mar 07 2023 16:30:32 GMT+0100 (Central European Standard Time)","service":"user-service"}
{"level":"request","message":"GET request made to /register?language=english at Tue Mar 07 2023 16:30:49 GMT+0100 (Central European Standard Time)","service":"user-service"}
{"level":"warn","message":"Too many login attempts from IP address ::1 at Tue Mar 07 2023 16:30:49 GMT+0100 (Central European Standard Time)","service":"user-service"}
{"level":"request","message":"POST request made to /register?language=english at Tue Mar 07 2023 16:31:14 GMT+0100 (Central European Standard Time)","service":"user-service"}
{"level":"warn","message":"Too many login attempts from IP address ::1 at Tue Mar 07 2023 16:31:14 GMT+0100 (Central European Standard Time)","service":"user-service"}
{"level":"request","message":"GET request made to /register at Tue Mar 07 2023 16:31:14 GMT+0100 (Central European Standard Time)","service":"user-service"}
{"level":"warn","message":"Too many login attempts from IP address ::1 at Tue Mar 07 2023 16:31:14 GMT+0100 (Central European Standard Time)","service":"user-service"}
{"level":"request","message":"GET request made to /register?language=english at Tue Mar 07 2023 16:31:17 GMT+0100 (Central European Standard Time)","service":"user-service"}
{"level":"warn","message":"Too many login attempts from IP address ::1 at Tue Mar 07 2023 16:31:17 GMT+0100 (Central European Standard Time)","service":"user-service"}
{"level":"request","message":"POST request made to /register?language=english at Tue Mar 07 2023 16:31:23 GMT+0100 (Central European Standard Time)","service":"user-service"}
{"level":"warn","message":"Too many login attempts from IP address ::1 at Tue Mar 07 2023 16:31:23 GMT+0100 (Central European Standard Time)","service":"user-service"}
{"level":"request","message":"GET request made to /login at Tue Mar 07 2023 16:31:23 GMT+0100 (Central European Standard Time)","service":"user-service"}
{"level":"warn","message":"Too many login attempts from IP address ::1 at Tue Mar 07 2023 16:31:23 GMT+0100 (Central European Standard Time)","service":"user-service"}
{"level":"request","message":"POST request made to /login at Tue Mar 07 2023 16:31:42 GMT+0100 (Central European Standard Time)","service":"user-service"}
{"level":"warn","message":"Too many login attempts from IP address ::1 at Tue Mar 07 2023 16:31:42 GMT+0100 (Central European Standard Time)","service":"user-service"}
{"level":"request","message":"GET request made to /application-form at Tue Mar 07 2023 16:31:42 GMT+0100 (Central European Standard Time)","service":"user-service"}
{"level":"request","message":"POST request made to /application-form at Tue Mar 07 2023 16:31:54 GMT+0100 (Central European Standard Time)","service":"user-service"}
{"level":"request","message":"GET request made to /application-sent at Tue Mar 07 2023 16:31:54 GMT+0100 (Central European Standard Time)","service":"user-service"}
{"level":"error","message":"An error occurred: ReferenceError: C:\\Users\\malco\\OneDrive\\Documents\\KTH\\KURSER\\ArkitekturAvGlobalaApplikationer\\KTH-IV1201-Recruitment-Application\\views\\application-sent.ejs:12\n    10|     <%- include('./partials/navbar.ejs') %>\r\n    11|     \r\n >> 12|     <p style=\"font-size: large; color: red; display: flex; justify-content: center;\" ><%= error %></p>\r\n    13|     <p style=\"font-size: large; color: green; display: flex; justify-content: center;\" ><%= success %></p>\r\n    14| \r\n    15|     <form id=\"\" method=\"post\">\r\n\nerror is not defined at Tue Mar 07 2023 16:31:54 GMT+0100 (Central European Standard Time)","service":"user-service"}
{"level":"request","message":"GET request made to /application-form at Tue Mar 07 2023 16:33:38 GMT+0100 (Central European Standard Time)","service":"user-service"}
{"level":"request","message":"POST request made to /application-form at Tue Mar 07 2023 16:33:41 GMT+0100 (Central European Standard Time)","service":"user-service"}
{"level":"error","message":"An error occurred: Error: Competence profile already exists at Tue Mar 07 2023 16:33:41 GMT+0100 (Central European Standard Time)","service":"user-service"}
{"level":"request","message":"GET request made to /application-form at Tue Mar 07 2023 16:33:41 GMT+0100 (Central European Standard Time)","service":"user-service"}
{"level":"request","message":"POST request made to /application-form at Tue Mar 07 2023 16:33:58 GMT+0100 (Central European Standard Time)","service":"user-service"}
{"level":"request","message":"GET request made to /application-sent at Tue Mar 07 2023 16:33:58 GMT+0100 (Central European Standard Time)","service":"user-service"}
{"level":"request","message":"GET request made to /login at Wed Mar 08 2023 12:14:20 GMT+0100 (Central European Standard Time)","service":"user-service"}
{"level":"error","message":"An error occurred: Error: Failed to lookup view \"404\" in views directory \"C:\\Users\\malco\\OneDrive\\Documents\\KTH\\KURSER\\ArkitekturAvGlobalaApplikationer\\KTH-IV1201-Recruitment-Application\\views\" at Wed Mar 08 2023 12:14:20 GMT+0100 (Central European Standard Time)","service":"user-service"}
{"level":"request","message":"GET request made to /login at Wed Mar 08 2023 12:15:40 GMT+0100 (Central European Standard Time)","service":"user-service"}
{"level":"request","message":"GET request made to /login at Wed Mar 08 2023 12:18:04 GMT+0100 (Central European Standard Time)","service":"user-service"}
{"level":"request","message":"GET request made to /login at Wed Mar 08 2023 12:18:05 GMT+0100 (Central European Standard Time)","service":"user-service"}
{"level":"request","message":"GET request made to /login at Wed Mar 08 2023 12:18:05 GMT+0100 (Central European Standard Time)","service":"user-service"}
{"level":"request","message":"GET request made to /login at Wed Mar 08 2023 12:20:30 GMT+0100 (Central European Standard Time)","service":"user-service"}
{"level":"request","message":"GET request made to /login at Wed Mar 08 2023 12:20:30 GMT+0100 (Central European Standard Time)","service":"user-service"}
{"level":"request","message":"GET request made to /login at Wed Mar 08 2023 12:20:31 GMT+0100 (Central European Standard Time)","service":"user-service"}
{"level":"request","message":"GET request made to /login at Wed Mar 08 2023 12:20:31 GMT+0100 (Central European Standard Time)","service":"user-service"}
{"level":"request","message":"GET request made to /login at Wed Mar 08 2023 12:20:31 GMT+0100 (Central European Standard Time)","service":"user-service"}
{"level":"request","message":"GET request made to /login at Wed Mar 08 2023 12:20:31 GMT+0100 (Central European Standard Time)","service":"user-service"}
{"level":"request","message":"GET request made to /login at Wed Mar 08 2023 12:21:21 GMT+0100 (Central European Standard Time)","service":"user-service"}
{"level":"request","message":"GET request made to /login at Wed Mar 08 2023 12:22:46 GMT+0100 (Central European Standard Time)","service":"user-service"}
{"level":"request","message":"GET request made to /login at Wed Mar 08 2023 12:23:48 GMT+0100 (Central European Standard Time)","service":"user-service"}
{"level":"request","message":"GET request made to /login at Wed Mar 08 2023 12:23:56 GMT+0100 (Central European Standard Time)","service":"user-service"}
{"level":"request","message":"GET request made to /login at Wed Mar 08 2023 12:23:59 GMT+0100 (Central European Standard Time)","service":"user-service"}
{"level":"request","message":"GET request made to /login at Wed Mar 08 2023 12:24:00 GMT+0100 (Central European Standard Time)","service":"user-service"}
{"level":"request","message":"GET request made to /login at Wed Mar 08 2023 12:24:00 GMT+0100 (Central European Standard Time)","service":"user-service"}
{"level":"request","message":"GET request made to /login at Wed Mar 08 2023 12:26:23 GMT+0100 (Central European Standard Time)","service":"user-service"}
{"level":"request","message":"GET request made to /login at Wed Mar 08 2023 12:40:10 GMT+0100 (Central European Standard Time)","service":"user-service"}
{"level":"request","message":"GET request made to /login at Wed Mar 08 2023 12:42:43 GMT+0100 (Central European Standard Time)","service":"user-service"}
{"level":"error","message":"An error occurred: Error: ConnectionManager.getConnection was called after the connection manager was closed! at Wed Mar 08 2023 12:44:03 GMT+0100 (Central European Standard Time)","service":"user-service"}
{"level":"error","message":"An error occurred: Error: ConnectionManager.getConnection was called after the connection manager was closed! at Wed Mar 08 2023 12:44:39 GMT+0100 (Central European Standard Time)","service":"user-service"}
{"level":"error","message":"An error occurred: Error: ConnectionManager.getConnection was called after the connection manager was closed! at Wed Mar 08 2023 12:45:15 GMT+0100 (Central European Standard Time)","service":"user-service"}
{"level":"error","message":"An error occurred: Error: ConnectionManager.getConnection was called after the connection manager was closed! at Wed Mar 08 2023 12:45:15 GMT+0100 (Central European Standard Time)","service":"user-service"}
{"level":"error","message":"An error occurred: Error: ConnectionManager.getConnection was called after the connection manager was closed! at Wed Mar 08 2023 12:45:15 GMT+0100 (Central European Standard Time)","service":"user-service"}
{"level":"error","message":"An error occurred: Error: ConnectionManager.getConnection was called after the connection manager was closed! at Wed Mar 08 2023 12:45:15 GMT+0100 (Central European Standard Time)","service":"user-service"}
{"level":"error","message":"An error occurred: Error: ConnectionManager.getConnection was called after the connection manager was closed! at Wed Mar 08 2023 12:45:15 GMT+0100 (Central European Standard Time)","service":"user-service"}
{"level":"error","message":"An error occurred: Error: ConnectionManager.getConnection was called after the connection manager was closed! at Wed Mar 08 2023 12:45:15 GMT+0100 (Central European Standard Time)","service":"user-service"}
{"level":"error","message":"An error occurred: Error: ConnectionManager.getConnection was called after the connection manager was closed! at Wed Mar 08 2023 12:45:15 GMT+0100 (Central European Standard Time)","service":"user-service"}
{"level":"error","message":"An error occurred: Error: ConnectionManager.getConnection was called after the connection manager was closed! at Wed Mar 08 2023 12:45:15 GMT+0100 (Central European Standard Time)","service":"user-service"}
{"level":"error","message":"An error occurred: Error: ConnectionManager.getConnection was called after the connection manager was closed! at Wed Mar 08 2023 12:45:15 GMT+0100 (Central European Standard Time)","service":"user-service"}
{"level":"error","message":"An error occurred: Error: ConnectionManager.getConnection was called after the connection manager was closed! at Wed Mar 08 2023 12:45:15 GMT+0100 (Central European Standard Time)","service":"user-service"}
{"level":"error","message":"An error occurred: Error: ConnectionManager.getConnection was called after the connection manager was closed! at Wed Mar 08 2023 12:45:15 GMT+0100 (Central European Standard Time)","service":"user-service"}
{"level":"error","message":"An error occurred: Error: ConnectionManager.getConnection was called after the connection manager was closed! at Wed Mar 08 2023 12:45:15 GMT+0100 (Central European Standard Time)","service":"user-service"}
{"level":"error","message":"An error occurred: Error: ConnectionManager.getConnection was called after the connection manager was closed! at Wed Mar 08 2023 12:45:15 GMT+0100 (Central European Standard Time)","service":"user-service"}
{"level":"error","message":"An error occurred: Error: ConnectionManager.getConnection was called after the connection manager was closed! at Wed Mar 08 2023 12:45:15 GMT+0100 (Central European Standard Time)","service":"user-service"}
{"level":"error","message":"An error occurred: Error: ConnectionManager.getConnection was called after the connection manager was closed! at Wed Mar 08 2023 12:45:15 GMT+0100 (Central European Standard Time)","service":"user-service"}
{"level":"error","message":"An error occurred: Error: ConnectionManager.getConnection was called after the connection manager was closed! at Wed Mar 08 2023 12:45:15 GMT+0100 (Central European Standard Time)","service":"user-service"}
{"level":"error","message":"An error occurred: Error: ConnectionManager.getConnection was called after the connection manager was closed! at Wed Mar 08 2023 12:45:15 GMT+0100 (Central European Standard Time)","service":"user-service"}
{"level":"error","message":"An error occurred: Error: ConnectionManager.getConnection was called after the connection manager was closed! at Wed Mar 08 2023 12:45:15 GMT+0100 (Central European Standard Time)","service":"user-service"}
{"level":"error","message":"An error occurred: Error: ConnectionManager.getConnection was called after the connection manager was closed! at Wed Mar 08 2023 12:45:15 GMT+0100 (Central European Standard Time)","service":"user-service"}
{"level":"error","message":"An error occurred: Error: ConnectionManager.getConnection was called after the connection manager was closed! at Wed Mar 08 2023 12:45:15 GMT+0100 (Central European Standard Time)","service":"user-service"}
{"level":"error","message":"An error occurred: Error: ConnectionManager.getConnection was called after the connection manager was closed! at Wed Mar 08 2023 12:45:16 GMT+0100 (Central European Standard Time)","service":"user-service"}
{"level":"error","message":"An error occurred: Error: ConnectionManager.getConnection was called after the connection manager was closed! at Wed Mar 08 2023 12:45:16 GMT+0100 (Central European Standard Time)","service":"user-service"}
{"level":"error","message":"An error occurred: Error: ConnectionManager.getConnection was called after the connection manager was closed! at Wed Mar 08 2023 12:45:16 GMT+0100 (Central European Standard Time)","service":"user-service"}
{"level":"error","message":"An error occurred: Error: ConnectionManager.getConnection was called after the connection manager was closed! at Wed Mar 08 2023 12:45:16 GMT+0100 (Central European Standard Time)","service":"user-service"}
{"level":"error","message":"An error occurred: Error: ConnectionManager.getConnection was called after the connection manager was closed! at Wed Mar 08 2023 12:45:16 GMT+0100 (Central European Standard Time)","service":"user-service"}
{"level":"error","message":"An error occurred: Error: ConnectionManager.getConnection was called after the connection manager was closed! at Wed Mar 08 2023 12:45:16 GMT+0100 (Central European Standard Time)","service":"user-service"}
{"level":"error","message":"An error occurred: Error: ConnectionManager.getConnection was called after the connection manager was closed! at Wed Mar 08 2023 12:45:16 GMT+0100 (Central European Standard Time)","service":"user-service"}
{"level":"error","message":"An error occurred: Error: ConnectionManager.getConnection was called after the connection manager was closed! at Wed Mar 08 2023 12:45:16 GMT+0100 (Central European Standard Time)","service":"user-service"}
{"level":"error","message":"An error occurred: Error: ConnectionManager.getConnection was called after the connection manager was closed! at Wed Mar 08 2023 12:45:16 GMT+0100 (Central European Standard Time)","service":"user-service"}
{"level":"error","message":"An error occurred: Error: ConnectionManager.getConnection was called after the connection manager was closed! at Wed Mar 08 2023 12:45:16 GMT+0100 (Central European Standard Time)","service":"user-service"}
{"level":"error","message":"An error occurred: Error: ConnectionManager.getConnection was called after the connection manager was closed! at Wed Mar 08 2023 12:45:16 GMT+0100 (Central European Standard Time)","service":"user-service"}
{"level":"error","message":"An error occurred: Error: ConnectionManager.getConnection was called after the connection manager was closed! at Wed Mar 08 2023 12:45:16 GMT+0100 (Central European Standard Time)","service":"user-service"}
{"level":"error","message":"An error occurred: Error: ConnectionManager.getConnection was called after the connection manager was closed! at Wed Mar 08 2023 12:45:16 GMT+0100 (Central European Standard Time)","service":"user-service"}
{"level":"error","message":"An error occurred: Error: ConnectionManager.getConnection was called after the connection manager was closed! at Wed Mar 08 2023 12:45:16 GMT+0100 (Central European Standard Time)","service":"user-service"}
{"level":"error","message":"An error occurred: Error: ConnectionManager.getConnection was called after the connection manager was closed! at Wed Mar 08 2023 12:45:16 GMT+0100 (Central European Standard Time)","service":"user-service"}
{"level":"error","message":"An error occurred: Error: ConnectionManager.getConnection was called after the connection manager was closed! at Wed Mar 08 2023 12:45:16 GMT+0100 (Central European Standard Time)","service":"user-service"}
{"level":"error","message":"An error occurred: Error: ConnectionManager.getConnection was called after the connection manager was closed! at Wed Mar 08 2023 12:45:16 GMT+0100 (Central European Standard Time)","service":"user-service"}
{"level":"error","message":"An error occurred: Error: ConnectionManager.getConnection was called after the connection manager was closed! at Wed Mar 08 2023 12:45:16 GMT+0100 (Central European Standard Time)","service":"user-service"}
{"level":"error","message":"An error occurred: Error: ConnectionManager.getConnection was called after the connection manager was closed! at Wed Mar 08 2023 12:45:16 GMT+0100 (Central European Standard Time)","service":"user-service"}
{"level":"error","message":"An error occurred: Error: ConnectionManager.getConnection was called after the connection manager was closed! at Wed Mar 08 2023 12:45:16 GMT+0100 (Central European Standard Time)","service":"user-service"}
{"level":"error","message":"An error occurred: Error: ConnectionManager.getConnection was called after the connection manager was closed! at Wed Mar 08 2023 12:45:17 GMT+0100 (Central European Standard Time)","service":"user-service"}
{"level":"error","message":"An error occurred: Error: ConnectionManager.getConnection was called after the connection manager was closed! at Wed Mar 08 2023 12:45:17 GMT+0100 (Central European Standard Time)","service":"user-service"}
{"level":"error","message":"An error occurred: Error: ConnectionManager.getConnection was called after the connection manager was closed! at Wed Mar 08 2023 12:45:17 GMT+0100 (Central European Standard Time)","service":"user-service"}
{"level":"error","message":"An error occurred: Error: ConnectionManager.getConnection was called after the connection manager was closed! at Wed Mar 08 2023 12:45:17 GMT+0100 (Central European Standard Time)","service":"user-service"}
{"level":"error","message":"An error occurred: Error: ConnectionManager.getConnection was called after the connection manager was closed! at Wed Mar 08 2023 12:45:17 GMT+0100 (Central European Standard Time)","service":"user-service"}
{"level":"error","message":"An error occurred: Error: ConnectionManager.getConnection was called after the connection manager was closed! at Wed Mar 08 2023 12:45:17 GMT+0100 (Central European Standard Time)","service":"user-service"}
{"level":"error","message":"An error occurred: Error: ConnectionManager.getConnection was called after the connection manager was closed! at Wed Mar 08 2023 12:45:17 GMT+0100 (Central European Standard Time)","service":"user-service"}
{"level":"error","message":"An error occurred: Error: ConnectionManager.getConnection was called after the connection manager was closed! at Wed Mar 08 2023 12:45:17 GMT+0100 (Central European Standard Time)","service":"user-service"}
{"level":"error","message":"An error occurred: Error: ConnectionManager.getConnection was called after the connection manager was closed! at Wed Mar 08 2023 12:45:17 GMT+0100 (Central European Standard Time)","service":"user-service"}
{"level":"error","message":"An error occurred: Error: ConnectionManager.getConnection was called after the connection manager was closed! at Wed Mar 08 2023 12:45:17 GMT+0100 (Central European Standard Time)","service":"user-service"}
{"level":"error","message":"An error occurred: Error: ConnectionManager.getConnection was called after the connection manager was closed! at Wed Mar 08 2023 12:45:17 GMT+0100 (Central European Standard Time)","service":"user-service"}
{"level":"error","message":"An error occurred: Error: ConnectionManager.getConnection was called after the connection manager was closed! at Wed Mar 08 2023 12:45:17 GMT+0100 (Central European Standard Time)","service":"user-service"}
{"level":"error","message":"An error occurred: Error: ConnectionManager.getConnection was called after the connection manager was closed! at Wed Mar 08 2023 12:45:17 GMT+0100 (Central European Standard Time)","service":"user-service"}
{"level":"error","message":"An error occurred: Error: ConnectionManager.getConnection was called after the connection manager was closed! at Wed Mar 08 2023 12:45:17 GMT+0100 (Central European Standard Time)","service":"user-service"}
{"level":"error","message":"An error occurred: Error: ConnectionManager.getConnection was called after the connection manager was closed! at Wed Mar 08 2023 12:45:17 GMT+0100 (Central European Standard Time)","service":"user-service"}
{"level":"error","message":"An error occurred: Error: ConnectionManager.getConnection was called after the connection manager was closed! at Wed Mar 08 2023 12:45:17 GMT+0100 (Central European Standard Time)","service":"user-service"}
{"level":"error","message":"An error occurred: Error: ConnectionManager.getConnection was called after the connection manager was closed! at Wed Mar 08 2023 12:45:17 GMT+0100 (Central European Standard Time)","service":"user-service"}
{"level":"error","message":"An error occurred: Error: ConnectionManager.getConnection was called after the connection manager was closed! at Wed Mar 08 2023 12:45:17 GMT+0100 (Central European Standard Time)","service":"user-service"}
{"level":"error","message":"An error occurred: Error: ConnectionManager.getConnection was called after the connection manager was closed! at Wed Mar 08 2023 12:45:17 GMT+0100 (Central European Standard Time)","service":"user-service"}
{"level":"error","message":"An error occurred: Error: ConnectionManager.getConnection was called after the connection manager was closed! at Wed Mar 08 2023 12:45:17 GMT+0100 (Central European Standard Time)","service":"user-service"}
{"level":"request","message":"GET request made to /login at Wed Mar 08 2023 12:45:23 GMT+0100 (Central European Standard Time)","service":"user-service"}
{"level":"error","message":"An error occurred: Error: ConnectionManager.getConnection was called after the connection manager was closed! at Wed Mar 08 2023 12:46:05 GMT+0100 (Central European Standard Time)","service":"user-service"}
{"level":"error","message":"An error occurred: Error: ConnectionManager.getConnection was called after the connection manager was closed! at Wed Mar 08 2023 12:46:32 GMT+0100 (Central European Standard Time)","service":"user-service"}
{"level":"error","message":"An error occurred: Error: ConnectionManager.getConnection was called after the connection manager was closed! at Wed Mar 08 2023 12:47:00 GMT+0100 (Central European Standard Time)","service":"user-service"}
{"level":"error","message":"An error occurred: Error: ConnectionManager.getConnection was called after the connection manager was closed! at Wed Mar 08 2023 12:47:08 GMT+0100 (Central European Standard Time)","service":"user-service"}
{"level":"error","message":"An error occurred: Error: ConnectionManager.getConnection was called after the connection manager was closed! at Wed Mar 08 2023 12:47:09 GMT+0100 (Central European Standard Time)","service":"user-service"}
{"level":"error","message":"An error occurred: Error: ConnectionManager.getConnection was called after the connection manager was closed! at Wed Mar 08 2023 12:47:22 GMT+0100 (Central European Standard Time)","service":"user-service"}
{"level":"request","message":"GET request made to /login at Wed Mar 08 2023 12:47:34 GMT+0100 (Central European Standard Time)","service":"user-service"}
{"level":"error","message":"An error occurred: Error: ConnectionManager.getConnection was called after the connection manager was closed! at Wed Mar 08 2023 12:51:53 GMT+0100 (Central European Standard Time)","service":"user-service"}
{"level":"error","message":"An error occurred: Error: ConnectionManager.getConnection was called after the connection manager was closed! at Wed Mar 08 2023 12:51:53 GMT+0100 (Central European Standard Time)","service":"user-service"}
{"level":"request","message":"GET request made to /login at Wed Mar 08 2023 12:53:33 GMT+0100 (Central European Standard Time)","service":"user-service"}
{"level":"request","message":"GET request made to /login at Wed Mar 08 2023 12:53:51 GMT+0100 (Central European Standard Time)","service":"user-service"}
{"level":"error","message":"An error occurred: Error: ConnectionManager.getConnection was called after the connection manager was closed! at Wed Mar 08 2023 12:53:52 GMT+0100 (Central European Standard Time)","service":"user-service"}
{"level":"error","message":"An error occurred: Error: ConnectionManager.getConnection was called after the connection manager was closed! at Wed Mar 08 2023 12:53:52 GMT+0100 (Central European Standard Time)","service":"user-service"}
{"level":"request","message":"GET request made to /login at Wed Mar 08 2023 21:33:17 GMT+0100 (Central European Standard Time)","service":"user-service"}
{"level":"request","message":"POST request made to /login at Wed Mar 08 2023 21:33:22 GMT+0100 (Central European Standard Time)","service":"user-service"}
{"level":"request","message":"GET request made to /application-form at Wed Mar 08 2023 21:33:22 GMT+0100 (Central European Standard Time)","service":"user-service"}
{"level":"request","message":"POST request made to /application-form at Wed Mar 08 2023 21:34:47 GMT+0100 (Central European Standard Time)","service":"user-service"}
{"level":"error","message":"An error occurred: Error: Competence profile already exists at Wed Mar 08 2023 21:34:47 GMT+0100 (Central European Standard Time)","service":"user-service"}
{"level":"request","message":"GET request made to /application-form at Wed Mar 08 2023 21:34:47 GMT+0100 (Central European Standard Time)","service":"user-service"}
{"level":"request","message":"POST request made to /application-form at Wed Mar 08 2023 21:35:11 GMT+0100 (Central European Standard Time)","service":"user-service"}
{"level":"error","message":"An error occurred: Error: Competence profile already exists at Wed Mar 08 2023 21:35:11 GMT+0100 (Central European Standard Time)","service":"user-service"}
{"level":"request","message":"GET request made to /application-form at Wed Mar 08 2023 21:35:11 GMT+0100 (Central European Standard Time)","service":"user-service"}
{"level":"request","message":"POST request made to /application-form at Wed Mar 08 2023 21:36:02 GMT+0100 (Central European Standard Time)","service":"user-service"}
{"level":"error","message":"An error occurred: Error: Competence profile already exists at Wed Mar 08 2023 21:36:02 GMT+0100 (Central European Standard Time)","service":"user-service"}
{"level":"request","message":"GET request made to /application-form at Wed Mar 08 2023 21:36:02 GMT+0100 (Central European Standard Time)","service":"user-service"}
{"level":"request","message":"POST request made to /application-form at Wed Mar 08 2023 21:36:50 GMT+0100 (Central European Standard Time)","service":"user-service"}
{"level":"error","message":"An error occurred: Error: Competence profile already exists at Wed Mar 08 2023 21:36:50 GMT+0100 (Central European Standard Time)","service":"user-service"}
{"level":"request","message":"GET request made to /application-form at Wed Mar 08 2023 21:36:50 GMT+0100 (Central European Standard Time)","service":"user-service"}
{"level":"request","message":"POST request made to /application-form at Wed Mar 08 2023 21:37:31 GMT+0100 (Central European Standard Time)","service":"user-service"}
{"level":"request","message":"GET request made to /application-sent at Wed Mar 08 2023 21:37:31 GMT+0100 (Central European Standard Time)","service":"user-service"}
{"level":"request","message":"POST request made to /application-form at Wed Mar 08 2023 21:37:43 GMT+0100 (Central European Standard Time)","service":"user-service"}
{"level":"error","message":"An error occurred: Error: Competence profile already exists at Wed Mar 08 2023 21:37:43 GMT+0100 (Central European Standard Time)","service":"user-service"}
{"level":"request","message":"GET request made to /application-form at Wed Mar 08 2023 21:37:43 GMT+0100 (Central European Standard Time)","service":"user-service"}
